{"C:\\Users\\TJ\\Documents\\Kent-Code-Quick\\frontend\\src\\lib\\game.svelte.ts": {"path":"C:\\Users\\TJ\\Documents\\Kent-Code-Quick\\frontend\\src\\lib\\game.svelte.ts","statementMap":{"0":{"start":{"line":36,"column":7},"end":{"line":36,"column":null}},"1":{"start":{"line":38,"column":5},"end":{"line":38,"column":null}},"2":{"start":{"line":39,"column":5},"end":{"line":39,"column":null}},"3":{"start":{"line":40,"column":5},"end":{"line":40,"column":null}},"4":{"start":{"line":41,"column":5},"end":{"line":41,"column":null}},"5":{"start":{"line":42,"column":5},"end":{"line":42,"column":null}},"6":{"start":{"line":43,"column":5},"end":{"line":43,"column":null}},"7":{"start":{"line":44,"column":5},"end":{"line":44,"column":null}},"8":{"start":{"line":46,"column":1},"end":{"line":48,"column":null}},"9":{"start":{"line":47,"column":2},"end":{"line":47,"column":null}},"10":{"start":{"line":50,"column":1},"end":{"line":56,"column":null}},"11":{"start":{"line":51,"column":2},"end":{"line":51,"column":null}},"12":{"start":{"line":52,"column":2},"end":{"line":52,"column":null}},"13":{"start":{"line":53,"column":2},"end":{"line":53,"column":null}},"14":{"start":{"line":54,"column":6},"end":{"line":54,"column":null}},"15":{"start":{"line":54,"column":22},"end":{"line":54,"column":null}},"16":{"start":{"line":55,"column":6},"end":{"line":55,"column":null}},"17":{"start":{"line":55,"column":49},"end":{"line":55,"column":null}},"18":{"start":{"line":58,"column":1},"end":{"line":62,"column":null}},"19":{"start":{"line":59,"column":6},"end":{"line":61,"column":null}},"20":{"start":{"line":60,"column":3},"end":{"line":60,"column":null}},"21":{"start":{"line":64,"column":1},"end":{"line":64,"column":null}},"22":{"start":{"line":64,"column":50},"end":{"line":64,"column":73}},"23":{"start":{"line":65,"column":1},"end":{"line":65,"column":null}},"24":{"start":{"line":65,"column":32},"end":{"line":65,"column":53}},"25":{"start":{"line":66,"column":1},"end":{"line":66,"column":null}},"26":{"start":{"line":66,"column":32},"end":{"line":66,"column":51}},"27":{"start":{"line":67,"column":1},"end":{"line":67,"column":null}},"28":{"start":{"line":67,"column":58},"end":{"line":67,"column":82}},"29":{"start":{"line":68,"column":1},"end":{"line":68,"column":null}},"30":{"start":{"line":68,"column":34},"end":{"line":68,"column":62}},"31":{"start":{"line":70,"column":1},"end":{"line":70,"column":null}},"32":{"start":{"line":73,"column":30},"end":{"line":73,"column":44}},"33":{"start":{"line":74,"column":32},"end":{"line":74,"column":48}},"34":{"start":{"line":75,"column":30},"end":{"line":75,"column":44}},"35":{"start":{"line":76,"column":28},"end":{"line":76,"column":40}},"36":{"start":{"line":77,"column":25},"end":{"line":77,"column":34}},"37":{"start":{"line":78,"column":28},"end":{"line":78,"column":40}},"38":{"start":{"line":79,"column":40},"end":{"line":79,"column":64}},"39":{"start":{"line":80,"column":31},"end":{"line":80,"column":53}},"40":{"start":{"line":81,"column":31},"end":{"line":81,"column":60}},"41":{"start":{"line":82,"column":58},"end":{"line":82,"column":105}},"42":{"start":{"line":83,"column":17},"end":{"line":83,"column":45}},"43":{"start":{"line":84,"column":17},"end":{"line":84,"column":44}},"44":{"start":{"line":85,"column":22},"end":{"line":85,"column":55}},"45":{"start":{"line":91,"column":7},"end":{"line":91,"column":null}},"46":{"start":{"line":93,"column":5},"end":{"line":93,"column":null}},"47":{"start":{"line":94,"column":5},"end":{"line":94,"column":null}},"48":{"start":{"line":95,"column":5},"end":{"line":95,"column":null}},"49":{"start":{"line":96,"column":5},"end":{"line":96,"column":null}},"50":{"start":{"line":97,"column":5},"end":{"line":97,"column":null}},"51":{"start":{"line":98,"column":5},"end":{"line":98,"column":null}},"52":{"start":{"line":99,"column":5},"end":{"line":99,"column":null}},"53":{"start":{"line":100,"column":5},"end":{"line":100,"column":null}},"54":{"start":{"line":102,"column":1},"end":{"line":102,"column":null}},"55":{"start":{"line":102,"column":30},"end":{"line":102,"column":61}},"56":{"start":{"line":104,"column":1},"end":{"line":112,"column":null}},"57":{"start":{"line":105,"column":2},"end":{"line":105,"column":null}},"58":{"start":{"line":106,"column":2},"end":{"line":106,"column":null}},"59":{"start":{"line":107,"column":2},"end":{"line":107,"column":null}},"60":{"start":{"line":108,"column":2},"end":{"line":108,"column":null}},"61":{"start":{"line":109,"column":2},"end":{"line":109,"column":null}},"62":{"start":{"line":110,"column":2},"end":{"line":110,"column":null}},"63":{"start":{"line":111,"column":6},"end":{"line":111,"column":null}},"64":{"start":{"line":111,"column":22},"end":{"line":111,"column":null}},"65":{"start":{"line":114,"column":1},"end":{"line":117,"column":null}},"66":{"start":{"line":115,"column":2},"end":{"line":115,"column":null}},"67":{"start":{"line":116,"column":2},"end":{"line":116,"column":null}},"68":{"start":{"line":119,"column":1},"end":{"line":123,"column":null}},"69":{"start":{"line":120,"column":6},"end":{"line":122,"column":null}},"70":{"start":{"line":121,"column":3},"end":{"line":121,"column":null}},"71":{"start":{"line":125,"column":1},"end":{"line":125,"column":null}},"72":{"start":{"line":125,"column":58},"end":{"line":125,"column":82}},"73":{"start":{"line":127,"column":1},"end":{"line":131,"column":null}},"74":{"start":{"line":128,"column":2},"end":{"line":128,"column":null}},"75":{"start":{"line":129,"column":2},"end":{"line":129,"column":null}},"76":{"start":{"line":130,"column":2},"end":{"line":130,"column":null}},"77":{"start":{"line":133,"column":1},"end":{"line":141,"column":null}},"78":{"start":{"line":134,"column":2},"end":{"line":134,"column":null}},"79":{"start":{"line":135,"column":2},"end":{"line":135,"column":null}},"80":{"start":{"line":136,"column":2},"end":{"line":136,"column":null}},"81":{"start":{"line":137,"column":2},"end":{"line":137,"column":null}},"82":{"start":{"line":138,"column":2},"end":{"line":138,"column":null}},"83":{"start":{"line":139,"column":2},"end":{"line":139,"column":null}},"84":{"start":{"line":140,"column":2},"end":{"line":140,"column":null}},"85":{"start":{"line":143,"column":1},"end":{"line":143,"column":null}},"86":{"start":{"line":146,"column":30},"end":{"line":146,"column":44}},"87":{"start":{"line":147,"column":28},"end":{"line":147,"column":40}},"88":{"start":{"line":148,"column":28},"end":{"line":148,"column":40}},"89":{"start":{"line":149,"column":28},"end":{"line":149,"column":40}},"90":{"start":{"line":150,"column":25},"end":{"line":150,"column":34}},"91":{"start":{"line":151,"column":28},"end":{"line":151,"column":40}},"92":{"start":{"line":152,"column":40},"end":{"line":152,"column":64}},"93":{"start":{"line":153,"column":28},"end":{"line":153,"column":40}},"94":{"start":{"line":155,"column":3},"end":{"line":155,"column":null}},"95":{"start":{"line":157,"column":19},"end":{"line":157,"column":49}},"96":{"start":{"line":158,"column":20},"end":{"line":158,"column":51}}},"fnMap":{"0":{"name":"createPlayStore","decl":{"start":{"line":35,"column":16},"end":{"line":35,"column":32}},"loc":{"start":{"line":35,"column":47},"end":{"line":87,"column":null}},"line":35},"1":{"name":"(anonymous_1)","decl":{"start":{"line":46,"column":11},"end":{"line":46,"column":28}},"loc":{"start":{"line":46,"column":28},"end":{"line":48,"column":2}},"line":46},"2":{"name":"(anonymous_2)","decl":{"start":{"line":50,"column":11},"end":{"line":50,"column":26}},"loc":{"start":{"line":50,"column":53},"end":{"line":56,"column":2}},"line":50},"3":{"name":"(anonymous_3)","decl":{"start":{"line":58,"column":11},"end":{"line":58,"column":34}},"loc":{"start":{"line":58,"column":82},"end":{"line":62,"column":2}},"line":58},"4":{"name":"(anonymous_4)","decl":{"start":{"line":64,"column":11},"end":{"line":64,"column":23}},"loc":{"start":{"line":64,"column":48},"end":{"line":64,"column":74}},"line":64},"5":{"name":"(anonymous_5)","decl":{"start":{"line":65,"column":11},"end":{"line":65,"column":30}},"loc":{"start":{"line":65,"column":30},"end":{"line":65,"column":54}},"line":65},"6":{"name":"(anonymous_6)","decl":{"start":{"line":66,"column":11},"end":{"line":66,"column":30}},"loc":{"start":{"line":66,"column":30},"end":{"line":66,"column":52}},"line":66},"7":{"name":"(anonymous_7)","decl":{"start":{"line":67,"column":11},"end":{"line":67,"column":26}},"loc":{"start":{"line":67,"column":56},"end":{"line":67,"column":83}},"line":67},"8":{"name":"(anonymous_8)","decl":{"start":{"line":68,"column":11},"end":{"line":68,"column":32}},"loc":{"start":{"line":68,"column":32},"end":{"line":68,"column":63}},"line":68},"9":{"name":"participants","decl":{"start":{"line":73,"column":6},"end":{"line":73,"column":21}},"loc":{"start":{"line":73,"column":21},"end":{"line":73,"column":null}},"line":73},"10":{"name":"currentPenalty","decl":{"start":{"line":74,"column":6},"end":{"line":74,"column":23}},"loc":{"start":{"line":74,"column":23},"end":{"line":74,"column":null}},"line":74},"11":{"name":"hasSubmitted","decl":{"start":{"line":75,"column":6},"end":{"line":75,"column":21}},"loc":{"start":{"line":75,"column":21},"end":{"line":75,"column":null}},"line":75},"12":{"name":"eventEnded","decl":{"start":{"line":76,"column":6},"end":{"line":76,"column":19}},"loc":{"start":{"line":76,"column":19},"end":{"line":76,"column":null}},"line":76},"13":{"name":"elapsed","decl":{"start":{"line":77,"column":6},"end":{"line":77,"column":16}},"loc":{"start":{"line":77,"column":16},"end":{"line":77,"column":null}},"line":77},"14":{"name":"durationMs","decl":{"start":{"line":78,"column":6},"end":{"line":78,"column":19}},"loc":{"start":{"line":78,"column":19},"end":{"line":78,"column":null}},"line":78},"15":{"name":"allowInternalClipboard","decl":{"start":{"line":79,"column":6},"end":{"line":79,"column":31}},"loc":{"start":{"line":79,"column":31},"end":{"line":79,"column":null}},"line":79},"16":{"name":"timeRemaining","decl":{"start":{"line":80,"column":6},"end":{"line":80,"column":22}},"loc":{"start":{"line":80,"column":22},"end":{"line":80,"column":null}},"line":80},"17":{"name":"myParticipant","decl":{"start":{"line":81,"column":6},"end":{"line":81,"column":22}},"loc":{"start":{"line":81,"column":22},"end":{"line":81,"column":null}},"line":81},"18":{"name":"sendCodeUpdate","decl":{"start":{"line":82,"column":2},"end":{"line":82,"column":17}},"loc":{"start":{"line":82,"column":56},"end":{"line":82,"column":null}},"line":82},"19":{"name":"sendTabOut","decl":{"start":{"line":83,"column":2},"end":{"line":83,"column":15}},"loc":{"start":{"line":83,"column":15},"end":{"line":83,"column":null}},"line":83},"20":{"name":"sendSubmit","decl":{"start":{"line":84,"column":2},"end":{"line":84,"column":15}},"loc":{"start":{"line":84,"column":15},"end":{"line":84,"column":null}},"line":84},"21":{"name":"sendCopyAttempt","decl":{"start":{"line":85,"column":2},"end":{"line":85,"column":20}},"loc":{"start":{"line":85,"column":20},"end":{"line":85,"column":null}},"line":85},"22":{"name":"createWatchStore","decl":{"start":{"line":90,"column":16},"end":{"line":90,"column":35}},"loc":{"start":{"line":90,"column":35},"end":{"line":160,"column":null}},"line":90},"23":{"name":"(anonymous_23)","decl":{"start":{"line":102,"column":11},"end":{"line":102,"column":28}},"loc":{"start":{"line":102,"column":28},"end":{"line":102,"column":62}},"line":102},"24":{"name":"(anonymous_24)","decl":{"start":{"line":104,"column":11},"end":{"line":104,"column":26}},"loc":{"start":{"line":104,"column":53},"end":{"line":112,"column":2}},"line":104},"25":{"name":"(anonymous_25)","decl":{"start":{"line":114,"column":11},"end":{"line":114,"column":28}},"loc":{"start":{"line":114,"column":86},"end":{"line":117,"column":2}},"line":114},"26":{"name":"(anonymous_26)","decl":{"start":{"line":119,"column":11},"end":{"line":119,"column":34}},"loc":{"start":{"line":119,"column":82},"end":{"line":123,"column":2}},"line":119},"27":{"name":"(anonymous_27)","decl":{"start":{"line":125,"column":11},"end":{"line":125,"column":26}},"loc":{"start":{"line":125,"column":56},"end":{"line":125,"column":83}},"line":125},"28":{"name":"(anonymous_28)","decl":{"start":{"line":127,"column":11},"end":{"line":127,"column":25}},"loc":{"start":{"line":127,"column":52},"end":{"line":131,"column":2}},"line":127},"29":{"name":"(anonymous_29)","decl":{"start":{"line":133,"column":11},"end":{"line":133,"column":31}},"loc":{"start":{"line":133,"column":31},"end":{"line":141,"column":2}},"line":133},"30":{"name":"participants_2","decl":{"start":{"line":146,"column":6},"end":{"line":146,"column":21}},"loc":{"start":{"line":146,"column":21},"end":{"line":146,"column":null}},"line":146},"31":{"name":"lobbyCount","decl":{"start":{"line":147,"column":6},"end":{"line":147,"column":19}},"loc":{"start":{"line":147,"column":19},"end":{"line":147,"column":null}},"line":147},"32":{"name":"lobbyNames","decl":{"start":{"line":148,"column":6},"end":{"line":148,"column":19}},"loc":{"start":{"line":148,"column":19},"end":{"line":148,"column":null}},"line":148},"33":{"name":"gameStatus","decl":{"start":{"line":149,"column":6},"end":{"line":149,"column":19}},"loc":{"start":{"line":149,"column":19},"end":{"line":149,"column":null}},"line":149},"34":{"name":"elapsed_2","decl":{"start":{"line":150,"column":6},"end":{"line":150,"column":16}},"loc":{"start":{"line":150,"column":16},"end":{"line":150,"column":null}},"line":150},"35":{"name":"durationMs_2","decl":{"start":{"line":151,"column":6},"end":{"line":151,"column":19}},"loc":{"start":{"line":151,"column":19},"end":{"line":151,"column":null}},"line":151},"36":{"name":"allowInternalClipboard_2","decl":{"start":{"line":152,"column":6},"end":{"line":152,"column":31}},"loc":{"start":{"line":152,"column":31},"end":{"line":152,"column":null}},"line":152},"37":{"name":"eventEnded_2","decl":{"start":{"line":153,"column":6},"end":{"line":153,"column":19}},"loc":{"start":{"line":153,"column":19},"end":{"line":153,"column":null}},"line":153},"38":{"name":"sendStartGame","decl":{"start":{"line":154,"column":2},"end":{"line":154,"column":16}},"loc":{"start":{"line":154,"column":69},"end":{"line":156,"column":null}},"line":154},"39":{"name":"sendEndEvent","decl":{"start":{"line":157,"column":2},"end":{"line":157,"column":17}},"loc":{"start":{"line":157,"column":17},"end":{"line":157,"column":null}},"line":157},"40":{"name":"sendResetGame","decl":{"start":{"line":158,"column":2},"end":{"line":158,"column":18}},"loc":{"start":{"line":158,"column":18},"end":{"line":158,"column":null}},"line":158}},"branchMap":{"0":{"loc":{"start":{"line":54,"column":6},"end":{"line":54,"column":null}},"type":"if","locations":[{"start":{"line":54,"column":6},"end":{"line":54,"column":null}},{"start":{},"end":{}}],"line":54},"1":{"loc":{"start":{"line":55,"column":6},"end":{"line":55,"column":null}},"type":"if","locations":[{"start":{"line":55,"column":6},"end":{"line":55,"column":null}},{"start":{},"end":{}}],"line":55},"2":{"loc":{"start":{"line":59,"column":6},"end":{"line":61,"column":null}},"type":"if","locations":[{"start":{"line":59,"column":6},"end":{"line":61,"column":null}},{"start":{},"end":{}}],"line":59},"3":{"loc":{"start":{"line":59,"column":6},"end":{"line":59,"column":40}},"type":"binary-expr","locations":[{"start":{"line":59,"column":6},"end":{"line":59,"column":17}},{"start":{"line":59,"column":8},"end":{"line":59,"column":40}}],"line":59},"4":{"loc":{"start":{"line":81,"column":31},"end":{"line":81,"column":60}},"type":"binary-expr","locations":[{"start":{"line":81,"column":31},"end":{"line":81,"column":54}},{"start":{"line":81,"column":54},"end":{"line":81,"column":60}}],"line":81},"5":{"loc":{"start":{"line":110,"column":15},"end":{"line":110,"column":null}},"type":"binary-expr","locations":[{"start":{"line":110,"column":15},"end":{"line":110,"column":null}},{"start":{"line":110,"column":20},"end":{"line":110,"column":null}}],"line":110},"6":{"loc":{"start":{"line":111,"column":6},"end":{"line":111,"column":null}},"type":"if","locations":[{"start":{"line":111,"column":6},"end":{"line":111,"column":null}},{"start":{},"end":{}}],"line":111},"7":{"loc":{"start":{"line":116,"column":15},"end":{"line":116,"column":null}},"type":"binary-expr","locations":[{"start":{"line":116,"column":15},"end":{"line":116,"column":null}},{"start":{"line":116,"column":20},"end":{"line":116,"column":null}}],"line":116},"8":{"loc":{"start":{"line":120,"column":6},"end":{"line":122,"column":null}},"type":"if","locations":[{"start":{"line":120,"column":6},"end":{"line":122,"column":null}},{"start":{},"end":{}}],"line":120},"9":{"loc":{"start":{"line":120,"column":6},"end":{"line":120,"column":40}},"type":"binary-expr","locations":[{"start":{"line":120,"column":6},"end":{"line":120,"column":17}},{"start":{"line":120,"column":8},"end":{"line":120,"column":40}}],"line":120}},"s":{"0":4,"1":4,"2":4,"3":4,"4":4,"5":4,"6":4,"7":4,"8":4,"9":1,"10":4,"11":0,"12":0,"13":0,"14":0,"15":0,"16":0,"17":0,"18":4,"19":0,"20":0,"21":4,"22":0,"23":4,"24":1,"25":4,"26":0,"27":4,"28":0,"29":4,"30":0,"31":4,"32":0,"33":0,"34":5,"35":9,"36":0,"37":0,"38":0,"39":0,"40":4,"41":0,"42":0,"43":0,"44":0,"45":10,"46":10,"47":10,"48":10,"49":10,"50":10,"51":10,"52":10,"53":10,"54":10,"55":0,"56":10,"57":2,"58":2,"59":2,"60":2,"61":2,"62":2,"63":2,"64":0,"65":10,"66":2,"67":2,"68":10,"69":0,"70":0,"71":10,"72":0,"73":10,"74":0,"75":0,"76":0,"77":10,"78":0,"79":0,"80":0,"81":0,"82":0,"83":0,"84":0,"85":10,"86":4,"87":21,"88":7,"89":10,"90":0,"91":0,"92":0,"93":0,"94":1,"95":0,"96":0},"f":{"0":4,"1":1,"2":0,"3":0,"4":0,"5":1,"6":0,"7":0,"8":0,"9":0,"10":0,"11":5,"12":9,"13":0,"14":0,"15":0,"16":0,"17":4,"18":0,"19":0,"20":0,"21":0,"22":10,"23":0,"24":2,"25":2,"26":0,"27":0,"28":0,"29":0,"30":4,"31":21,"32":7,"33":10,"34":0,"35":0,"36":0,"37":0,"38":1,"39":0,"40":0},"b":{"0":[0,0],"1":[0,0],"2":[0,0],"3":[0,0],"4":[4,4],"5":[2,2],"6":[0,2],"7":[2,1],"8":[0,0],"9":[0,0]},"meta":{"lastBranch":10,"lastFunction":41,"lastStatement":97,"seen":{"f:35:16:35:32":0,"s:36:7:36:Infinity":0,"s:38:5:38:Infinity":1,"s:39:5:39:Infinity":2,"s:40:5:40:Infinity":3,"s:41:5:41:Infinity":4,"s:42:5:42:Infinity":5,"s:43:5:43:Infinity":6,"s:44:5:44:Infinity":7,"s:46:1:48:Infinity":8,"f:46:11:46:28":1,"s:47:2:47:Infinity":9,"s:50:1:56:Infinity":10,"f:50:11:50:26":2,"s:51:2:51:Infinity":11,"s:52:2:52:Infinity":12,"s:53:2:53:Infinity":13,"b:54:6:54:Infinity:undefined:undefined:undefined:undefined":0,"s:54:6:54:Infinity":14,"s:54:22:54:Infinity":15,"b:55:6:55:Infinity:undefined:undefined:undefined:undefined":1,"s:55:6:55:Infinity":16,"s:55:49:55:Infinity":17,"s:58:1:62:Infinity":18,"f:58:11:58:34":3,"b:59:6:61:Infinity:undefined:undefined:undefined:undefined":2,"s:59:6:61:Infinity":19,"b:59:6:59:17:59:8:59:40":3,"s:60:3:60:Infinity":20,"s:64:1:64:Infinity":21,"f:64:11:64:23":4,"s:64:50:64:73":22,"s:65:1:65:Infinity":23,"f:65:11:65:30":5,"s:65:32:65:53":24,"s:66:1:66:Infinity":25,"f:66:11:66:30":6,"s:66:32:66:51":26,"s:67:1:67:Infinity":27,"f:67:11:67:26":7,"s:67:58:67:82":28,"s:68:1:68:Infinity":29,"f:68:11:68:32":8,"s:68:34:68:62":30,"s:70:1:70:Infinity":31,"f:73:6:73:21":9,"s:73:30:73:44":32,"f:74:6:74:23":10,"s:74:32:74:48":33,"f:75:6:75:21":11,"s:75:30:75:44":34,"f:76:6:76:19":12,"s:76:28:76:40":35,"f:77:6:77:16":13,"s:77:25:77:34":36,"f:78:6:78:19":14,"s:78:28:78:40":37,"f:79:6:79:31":15,"s:79:40:79:64":38,"f:80:6:80:22":16,"s:80:31:80:53":39,"f:81:6:81:22":17,"s:81:31:81:60":40,"b:81:31:81:54:81:54:81:60":4,"f:82:2:82:17":18,"s:82:58:82:105":41,"f:83:2:83:15":19,"s:83:17:83:45":42,"f:84:2:84:15":20,"s:84:17:84:44":43,"f:85:2:85:20":21,"s:85:22:85:55":44,"f:90:16:90:35":22,"s:91:7:91:Infinity":45,"s:93:5:93:Infinity":46,"s:94:5:94:Infinity":47,"s:95:5:95:Infinity":48,"s:96:5:96:Infinity":49,"s:97:5:97:Infinity":50,"s:98:5:98:Infinity":51,"s:99:5:99:Infinity":52,"s:100:5:100:Infinity":53,"s:102:1:102:Infinity":54,"f:102:11:102:28":23,"s:102:30:102:61":55,"s:104:1:112:Infinity":56,"f:104:11:104:26":24,"s:105:2:105:Infinity":57,"s:106:2:106:Infinity":58,"s:107:2:107:Infinity":59,"s:108:2:108:Infinity":60,"s:109:2:109:Infinity":61,"s:110:2:110:Infinity":62,"b:110:15:110:Infinity:110:20:110:Infinity":5,"b:111:6:111:Infinity:undefined:undefined:undefined:undefined":6,"s:111:6:111:Infinity":63,"s:111:22:111:Infinity":64,"s:114:1:117:Infinity":65,"f:114:11:114:28":25,"s:115:2:115:Infinity":66,"s:116:2:116:Infinity":67,"b:116:15:116:Infinity:116:20:116:Infinity":7,"s:119:1:123:Infinity":68,"f:119:11:119:34":26,"b:120:6:122:Infinity:undefined:undefined:undefined:undefined":8,"s:120:6:122:Infinity":69,"b:120:6:120:17:120:8:120:40":9,"s:121:3:121:Infinity":70,"s:125:1:125:Infinity":71,"f:125:11:125:26":27,"s:125:58:125:82":72,"s:127:1:131:Infinity":73,"f:127:11:127:25":28,"s:128:2:128:Infinity":74,"s:129:2:129:Infinity":75,"s:130:2:130:Infinity":76,"s:133:1:141:Infinity":77,"f:133:11:133:31":29,"s:134:2:134:Infinity":78,"s:135:2:135:Infinity":79,"s:136:2:136:Infinity":80,"s:137:2:137:Infinity":81,"s:138:2:138:Infinity":82,"s:139:2:139:Infinity":83,"s:140:2:140:Infinity":84,"s:143:1:143:Infinity":85,"f:146:6:146:21":30,"s:146:30:146:44":86,"f:147:6:147:19":31,"s:147:28:147:40":87,"f:148:6:148:19":32,"s:148:28:148:40":88,"f:149:6:149:19":33,"s:149:28:149:40":89,"f:150:6:150:16":34,"s:150:25:150:34":90,"f:151:6:151:19":35,"s:151:28:151:40":91,"f:152:6:152:31":36,"s:152:40:152:64":92,"f:153:6:153:19":37,"s:153:28:153:40":93,"f:154:2:154:16":38,"s:155:3:155:Infinity":94,"f:157:2:157:17":39,"s:157:19:157:49":95,"f:158:2:158:18":40,"s:158:20:158:51":96},"fnNames":{}}}
,"C:\\Users\\TJ\\Documents\\Kent-Code-Quick\\frontend\\src\\lib\\store.ts": {"path":"C:\\Users\\TJ\\Documents\\Kent-Code-Quick\\frontend\\src\\lib\\store.ts","statementMap":{"0":{"start":{"line":3,"column":13},"end":{"line":3,"column":null}},"1":{"start":{"line":6,"column":1},"end":{"line":6,"column":null}},"2":{"start":{"line":6,"column":42},"end":{"line":6,"column":null}},"3":{"start":{"line":7,"column":1},"end":{"line":7,"column":null}},"4":{"start":{"line":11,"column":1},"end":{"line":11,"column":null}},"5":{"start":{"line":11,"column":42},"end":{"line":11,"column":null}},"6":{"start":{"line":12,"column":1},"end":{"line":12,"column":null}},"7":{"start":{"line":13,"column":1},"end":{"line":13,"column":null}},"8":{"start":{"line":17,"column":1},"end":{"line":17,"column":null}},"9":{"start":{"line":17,"column":42},"end":{"line":17,"column":null}},"10":{"start":{"line":18,"column":1},"end":{"line":18,"column":null}},"11":{"start":{"line":19,"column":1},"end":{"line":19,"column":null}}},"fnMap":{"0":{"name":"loadToken","decl":{"start":{"line":5,"column":16},"end":{"line":5,"column":43}},"loc":{"start":{"line":5,"column":43},"end":{"line":8,"column":null}},"line":5},"1":{"name":"saveToken","decl":{"start":{"line":10,"column":16},"end":{"line":10,"column":26}},"loc":{"start":{"line":10,"column":43},"end":{"line":14,"column":null}},"line":10},"2":{"name":"clearToken","decl":{"start":{"line":16,"column":16},"end":{"line":16,"column":35}},"loc":{"start":{"line":16,"column":35},"end":{"line":20,"column":null}},"line":16}},"branchMap":{"0":{"loc":{"start":{"line":6,"column":1},"end":{"line":6,"column":null}},"type":"if","locations":[{"start":{"line":6,"column":1},"end":{"line":6,"column":null}},{"start":{},"end":{}}],"line":6},"1":{"loc":{"start":{"line":11,"column":1},"end":{"line":11,"column":null}},"type":"if","locations":[{"start":{"line":11,"column":1},"end":{"line":11,"column":null}},{"start":{},"end":{}}],"line":11},"2":{"loc":{"start":{"line":17,"column":1},"end":{"line":17,"column":null}},"type":"if","locations":[{"start":{"line":17,"column":1},"end":{"line":17,"column":null}},{"start":{},"end":{}}],"line":17}},"s":{"0":2,"1":0,"2":0,"3":0,"4":0,"5":0,"6":0,"7":0,"8":0,"9":0,"10":0,"11":0},"f":{"0":0,"1":0,"2":0},"b":{"0":[0,0],"1":[0,0],"2":[0,0]},"meta":{"lastBranch":3,"lastFunction":3,"lastStatement":12,"seen":{"s:3:13:3:Infinity":0,"f:5:16:5:43":0,"b:6:1:6:Infinity:undefined:undefined:undefined:undefined":0,"s:6:1:6:Infinity":1,"s:6:42:6:Infinity":2,"s:7:1:7:Infinity":3,"f:10:16:10:26":1,"b:11:1:11:Infinity:undefined:undefined:undefined:undefined":1,"s:11:1:11:Infinity":4,"s:11:42:11:Infinity":5,"s:12:1:12:Infinity":6,"s:13:1:13:Infinity":7,"f:16:16:16:35":2,"b:17:1:17:Infinity:undefined:undefined:undefined:undefined":2,"s:17:1:17:Infinity":8,"s:17:42:17:Infinity":9,"s:18:1:18:Infinity":10,"s:19:1:19:Infinity":11},"fnNames":{}}}
,"C:\\Users\\TJ\\Documents\\Kent-Code-Quick\\frontend\\src\\lib\\assets\\images\\kcq_logo.svg": {"path":"C:\\Users\\TJ\\Documents\\Kent-Code-Quick\\frontend\\src\\lib\\assets\\images\\kcq_logo.svg","statementMap":{},"fnMap":{},"branchMap":{},"s":{},"f":{},"b":{},"meta":{"lastBranch":0,"lastFunction":0,"lastStatement":0,"seen":{},"fnNames":{}}}
,"C:\\Users\\TJ\\Documents\\Kent-Code-Quick\\frontend\\src\\lib\\assets\\images\\logos\\discord.svg": {"path":"C:\\Users\\TJ\\Documents\\Kent-Code-Quick\\frontend\\src\\lib\\assets\\images\\logos\\discord.svg","statementMap":{},"fnMap":{},"branchMap":{},"s":{},"f":{},"b":{},"meta":{"lastBranch":0,"lastFunction":0,"lastStatement":0,"seen":{},"fnNames":{}}}
,"C:\\Users\\TJ\\Documents\\Kent-Code-Quick\\frontend\\src\\lib\\assets\\images\\logos\\github.svg": {"path":"C:\\Users\\TJ\\Documents\\Kent-Code-Quick\\frontend\\src\\lib\\assets\\images\\logos\\github.svg","statementMap":{},"fnMap":{},"branchMap":{},"s":{},"f":{},"b":{},"meta":{"lastBranch":0,"lastFunction":0,"lastStatement":0,"seen":{},"fnNames":{}}}
,"C:\\Users\\TJ\\Documents\\Kent-Code-Quick\\frontend\\src\\lib\\assets\\images\\logos\\instagram.svg": {"path":"C:\\Users\\TJ\\Documents\\Kent-Code-Quick\\frontend\\src\\lib\\assets\\images\\logos\\instagram.svg","statementMap":{},"fnMap":{},"branchMap":{},"s":{},"f":{},"b":{},"meta":{"lastBranch":0,"lastFunction":0,"lastStatement":0,"seen":{},"fnNames":{}}}
,"C:\\Users\\TJ\\Documents\\Kent-Code-Quick\\frontend\\src\\lib\\components\\Editor.svelte": {"path":"C:\\Users\\TJ\\Documents\\Kent-Code-Quick\\frontend\\src\\lib\\components\\Editor.svelte","statementMap":{"0":{"start":{"line":14,"column":7},"end":{"line":14,"column":null}},"1":{"start":{"line":15,"column":10},"end":{"line":15,"column":null}},"2":{"start":{"line":16,"column":16},"end":{"line":16,"column":null}},"3":{"start":{"line":17,"column":24},"end":{"line":17,"column":null}},"4":{"start":{"line":32,"column":59},"end":{"line":32,"column":63}},"5":{"start":{"line":34,"column":25},"end":{"line":34,"column":null}},"6":{"start":{"line":37,"column":6},"end":{"line":37,"column":null}},"7":{"start":{"line":37,"column":28},"end":{"line":37,"column":null}},"8":{"start":{"line":38,"column":2},"end":{"line":38,"column":null}},"9":{"start":{"line":39,"column":2},"end":{"line":39,"column":null}},"10":{"start":{"line":40,"column":12},"end":{"line":40,"column":null}},"11":{"start":{"line":41,"column":2},"end":{"line":41,"column":null}},"12":{"start":{"line":42,"column":11},"end":{"line":42,"column":null}},"13":{"start":{"line":45,"column":25},"end":{"line":45,"column":27}},"14":{"start":{"line":48,"column":23},"end":{"line":48,"column":48}},"15":{"start":{"line":49,"column":9},"end":{"line":49,"column":null}},"16":{"start":{"line":52,"column":30},"end":{"line":74,"column":null}},"17":{"start":{"line":54,"column":8},"end":{"line":54,"column":null}},"18":{"start":{"line":54,"column":22},"end":{"line":54,"column":null}},"19":{"start":{"line":55,"column":7},"end":{"line":55,"column":null}},"20":{"start":{"line":55,"column":33},"end":{"line":55,"column":80}},"21":{"start":{"line":55,"column":80},"end":{"line":55,"column":87}},"22":{"start":{"line":56,"column":3},"end":{"line":56,"column":null}},"23":{"start":{"line":58,"column":10},"end":{"line":58,"column":null}},"24":{"start":{"line":61,"column":8},"end":{"line":61,"column":null}},"25":{"start":{"line":61,"column":22},"end":{"line":61,"column":null}},"26":{"start":{"line":62,"column":7},"end":{"line":62,"column":null}},"27":{"start":{"line":62,"column":33},"end":{"line":62,"column":80}},"28":{"start":{"line":62,"column":80},"end":{"line":62,"column":87}},"29":{"start":{"line":63,"column":3},"end":{"line":63,"column":null}},"30":{"start":{"line":65,"column":10},"end":{"line":65,"column":null}},"31":{"start":{"line":68,"column":8},"end":{"line":68,"column":null}},"32":{"start":{"line":68,"column":22},"end":{"line":68,"column":null}},"33":{"start":{"line":69,"column":18},"end":{"line":69,"column":62}},"34":{"start":{"line":70,"column":7},"end":{"line":70,"column":null}},"35":{"start":{"line":70,"column":78},"end":{"line":70,"column":null}},"36":{"start":{"line":71,"column":3},"end":{"line":71,"column":null}},"37":{"start":{"line":73,"column":10},"end":{"line":73,"column":null}},"38":{"start":{"line":77,"column":26},"end":{"line":77,"column":null}},"39":{"start":{"line":78,"column":22},"end":{"line":78,"column":null}},"40":{"start":{"line":80,"column":1},"end":{"line":127,"column":null}},"41":{"start":{"line":81,"column":2},"end":{"line":101,"column":null}},"42":{"start":{"line":92,"column":10},"end":{"line":97,"column":null}},"43":{"start":{"line":93,"column":17},"end":{"line":93,"column":null}},"44":{"start":{"line":94,"column":7},"end":{"line":94,"column":null}},"45":{"start":{"line":95,"column":11},"end":{"line":95,"column":null}},"46":{"start":{"line":95,"column":35},"end":{"line":95,"column":null}},"47":{"start":{"line":96,"column":7},"end":{"line":96,"column":null}},"48":{"start":{"line":96,"column":42},"end":{"line":96,"column":73}},"49":{"start":{"line":96,"column":73},"end":{"line":96,"column":77}},"50":{"start":{"line":104,"column":2},"end":{"line":106,"column":null}},"51":{"start":{"line":105,"column":3},"end":{"line":105,"column":null}},"52":{"start":{"line":108,"column":2},"end":{"line":111,"column":null}},"53":{"start":{"line":109,"column":16},"end":{"line":109,"column":null}},"54":{"start":{"line":110,"column":3},"end":{"line":110,"column":null}},"55":{"start":{"line":113,"column":2},"end":{"line":121,"column":null}},"56":{"start":{"line":114,"column":7},"end":{"line":120,"column":null}},"57":{"start":{"line":115,"column":4},"end":{"line":115,"column":null}},"58":{"start":{"line":116,"column":4},"end":{"line":116,"column":null}},"59":{"start":{"line":117,"column":4},"end":{"line":118,"column":null}},"60":{"start":{"line":123,"column":15},"end":{"line":126,"column":null}},"61":{"start":{"line":124,"column":7},"end":{"line":124,"column":null}},"62":{"start":{"line":124,"column":31},"end":{"line":124,"column":null}},"63":{"start":{"line":125,"column":3},"end":{"line":125,"column":null}},"64":{"start":{"line":130,"column":4},"end":{"line":130,"column":16}},"65":{"start":{"line":130,"column":1},"end":{"line":130,"column":null}},"66":{"start":{"line":130,"column":16},"end":{"line":130,"column":null}},"67":{"start":{"line":130,"column":16},"end":{"line":130,"column":25}},"68":{"start":{"line":130,"column":1},"end":{"line":130,"column":16}}},"fnMap":{"0":{"name":"Editor","decl":{"start":{"line":1,"column":0},"end":{"line":1,"column":null}},"loc":{"start":{"line":1,"column":0},"end":{"line":128,"column":null}},"line":1},"1":{"name":"flush","decl":{"start":{"line":36,"column":17},"end":{"line":36,"column":22}},"loc":{"start":{"line":36,"column":31},"end":{"line":43,"column":null}},"line":36},"2":{"name":"selectedText","decl":{"start":{"line":47,"column":10},"end":{"line":47,"column":22}},"loc":{"start":{"line":47,"column":49},"end":{"line":50,"column":null}},"line":47},"3":{"name":"(anonymous_3)","decl":{"start":{"line":53,"column":6},"end":{"line":53,"column":9}},"loc":{"start":{"line":53,"column":21},"end":{"line":59,"column":3}},"line":53},"4":{"name":"(anonymous_4)","decl":{"start":{"line":60,"column":5},"end":{"line":60,"column":8}},"loc":{"start":{"line":60,"column":20},"end":{"line":66,"column":3}},"line":60},"5":{"name":"(anonymous_5)","decl":{"start":{"line":67,"column":7},"end":{"line":67,"column":10}},"loc":{"start":{"line":67,"column":16},"end":{"line":74,"column":null}},"line":67},"6":{"name":"(anonymous_6)","decl":{"start":{"line":80,"column":8},"end":{"line":80,"column":15}},"loc":{"start":{"line":80,"column":15},"end":{"line":127,"column":2}},"line":80},"7":{"name":"(anonymous_7)","decl":{"start":{"line":91,"column":33},"end":{"line":91,"column":35}},"loc":{"start":{"line":91,"column":46},"end":{"line":98,"column":6}},"line":91},"8":{"name":"(anonymous_8)","decl":{"start":{"line":96,"column":40},"end":{"line":96,"column":42}},"loc":{"start":{"line":96,"column":40},"end":{"line":96,"column":78}},"line":96},"9":{"name":"(anonymous_9)","decl":{"start":{"line":104,"column":9},"end":{"line":104,"column":16}},"loc":{"start":{"line":104,"column":16},"end":{"line":106,"column":3}},"line":104},"10":{"name":"(anonymous_10)","decl":{"start":{"line":108,"column":9},"end":{"line":108,"column":16}},"loc":{"start":{"line":108,"column":16},"end":{"line":111,"column":3}},"line":108},"11":{"name":"(anonymous_11)","decl":{"start":{"line":113,"column":9},"end":{"line":113,"column":16}},"loc":{"start":{"line":113,"column":16},"end":{"line":121,"column":3}},"line":113},"12":{"name":"(anonymous_12)","decl":{"start":{"line":123,"column":15},"end":{"line":123,"column":null}},"loc":{"start":{"line":123,"column":15},"end":{"line":126,"column":3}},"line":123},"13":{"name":"(anonymous_13)","decl":{"start":{"line":130,"column":4},"end":{"line":130,"column":16}},"loc":{"start":{"line":130,"column":16},"end":{"line":130,"column":null}},"line":130},"14":{"name":"(anonymous_14)","decl":{"start":{"line":130,"column":25},"end":{"line":130,"column":null}},"loc":{"start":{"line":130,"column":16},"end":{"line":130,"column":25}},"line":130}},"branchMap":{"0":{"loc":{"start":{"line":37,"column":6},"end":{"line":37,"column":null}},"type":"if","locations":[{"start":{"line":37,"column":6},"end":{"line":37,"column":null}},{"start":{},"end":{}}],"line":37},"1":{"loc":{"start":{"line":54,"column":8},"end":{"line":54,"column":null}},"type":"if","locations":[{"start":{"line":54,"column":8},"end":{"line":54,"column":null}},{"start":{},"end":{}}],"line":54},"2":{"loc":{"start":{"line":55,"column":7},"end":{"line":55,"column":null}},"type":"if","locations":[{"start":{"line":55,"column":7},"end":{"line":55,"column":null}},{"start":{},"end":{}}],"line":55},"3":{"loc":{"start":{"line":61,"column":8},"end":{"line":61,"column":null}},"type":"if","locations":[{"start":{"line":61,"column":8},"end":{"line":61,"column":null}},{"start":{},"end":{}}],"line":61},"4":{"loc":{"start":{"line":62,"column":7},"end":{"line":62,"column":null}},"type":"if","locations":[{"start":{"line":62,"column":7},"end":{"line":62,"column":null}},{"start":{},"end":{}}],"line":62},"5":{"loc":{"start":{"line":68,"column":8},"end":{"line":68,"column":null}},"type":"if","locations":[{"start":{"line":68,"column":8},"end":{"line":68,"column":null}},{"start":{},"end":{}}],"line":68},"6":{"loc":{"start":{"line":69,"column":18},"end":{"line":69,"column":62}},"type":"binary-expr","locations":[{"start":{"line":69,"column":18},"end":{"line":69,"column":60}},{"start":{"line":69,"column":60},"end":{"line":69,"column":62}}],"line":69},"7":{"loc":{"start":{"line":70,"column":7},"end":{"line":70,"column":null}},"type":"if","locations":[{"start":{"line":70,"column":7},"end":{"line":70,"column":null}},{"start":{},"end":{}}],"line":70},"8":{"loc":{"start":{"line":70,"column":7},"end":{"line":70,"column":87}},"type":"binary-expr","locations":[{"start":{"line":70,"column":7},"end":{"line":70,"column":33}},{"start":{"line":70,"column":29},"end":{"line":70,"column":50}},{"start":{"line":70,"column":46},"end":{"line":70,"column":87}}],"line":70},"9":{"loc":{"start":{"line":88,"column":23},"end":{"line":88,"column":null}},"type":"cond-expr","locations":[{"start":{"line":88,"column":46},"end":{"line":88,"column":68}},{"start":{"line":88,"column":68},"end":{"line":88,"column":null}}],"line":88},"10":{"loc":{"start":{"line":88,"column":68},"end":{"line":88,"column":null}},"type":"cond-expr","locations":[{"start":{"line":88,"column":73},"end":{"line":88,"column":84}},{"start":{"line":88,"column":79},"end":{"line":88,"column":null}}],"line":88},"11":{"loc":{"start":{"line":92,"column":10},"end":{"line":97,"column":null}},"type":"if","locations":[{"start":{"line":92,"column":10},"end":{"line":97,"column":null}},{"start":{},"end":{}}],"line":92},"12":{"loc":{"start":{"line":95,"column":11},"end":{"line":95,"column":null}},"type":"if","locations":[{"start":{"line":95,"column":11},"end":{"line":95,"column":null}},{"start":{},"end":{}}],"line":95},"13":{"loc":{"start":{"line":109,"column":16},"end":{"line":109,"column":null}},"type":"cond-expr","locations":[{"start":{"line":109,"column":41},"end":{"line":109,"column":63}},{"start":{"line":109,"column":63},"end":{"line":109,"column":null}}],"line":109},"14":{"loc":{"start":{"line":109,"column":63},"end":{"line":109,"column":null}},"type":"cond-expr","locations":[{"start":{"line":109,"column":68},"end":{"line":109,"column":79}},{"start":{"line":109,"column":74},"end":{"line":109,"column":null}}],"line":109},"15":{"loc":{"start":{"line":114,"column":7},"end":{"line":120,"column":null}},"type":"if","locations":[{"start":{"line":114,"column":7},"end":{"line":120,"column":null}},{"start":{},"end":{}}],"line":114},"16":{"loc":{"start":{"line":124,"column":7},"end":{"line":124,"column":null}},"type":"if","locations":[{"start":{"line":124,"column":7},"end":{"line":124,"column":null}},{"start":{},"end":{}}],"line":124}},"s":{"0":18,"1":18,"2":18,"3":18,"4":18,"5":18,"6":0,"7":0,"8":0,"9":0,"10":0,"11":0,"12":0,"13":18,"14":2,"15":2,"16":18,"17":4,"18":0,"19":4,"20":2,"21":2,"22":2,"23":4,"24":1,"25":0,"26":1,"27":0,"28":0,"29":1,"30":1,"31":2,"32":0,"33":2,"34":2,"35":0,"36":2,"37":2,"38":18,"39":18,"40":18,"41":18,"42":5,"43":5,"44":5,"45":5,"46":2,"47":5,"48":2,"49":2,"50":18,"51":18,"52":18,"53":18,"54":18,"55":18,"56":18,"57":0,"58":0,"59":0,"60":18,"61":18,"62":1,"63":18,"64":18,"65":18,"66":36,"67":36,"68":18},"f":{"0":18,"1":0,"2":2,"3":4,"4":1,"5":2,"6":18,"7":5,"8":2,"9":18,"10":18,"11":18,"12":18,"13":36,"14":36},"b":{"0":[0,0],"1":[0,4],"2":[2,2],"3":[0,1],"4":[0,1],"5":[0,2],"6":[2,2],"7":[0,2],"8":[2,2,0],"9":[17,1],"10":[1,0],"11":[5,0],"12":[2,3],"13":[17,1],"14":[1,0],"15":[0,18],"16":[1,17]},"meta":{"lastBranch":17,"lastFunction":15,"lastStatement":69,"seen":{"f:1:0:1:Infinity":0,"s:14:7:14:Infinity":0,"s:15:10:15:Infinity":1,"s:16:16:16:Infinity":2,"s:17:24:17:Infinity":3,"s:32:59:32:63":4,"s:34:25:34:Infinity":5,"f:36:17:36:22":1,"b:37:6:37:Infinity:undefined:undefined:undefined:undefined":0,"s:37:6:37:Infinity":6,"s:37:28:37:Infinity":7,"s:38:2:38:Infinity":8,"s:39:2:39:Infinity":9,"s:40:12:40:Infinity":10,"s:41:2:41:Infinity":11,"s:42:11:42:Infinity":12,"s:45:25:45:27":13,"f:47:10:47:22":2,"s:48:23:48:48":14,"s:49:9:49:Infinity":15,"s:52:30:74:Infinity":16,"f:53:6:53:9":3,"b:54:8:54:Infinity:undefined:undefined:undefined:undefined":1,"s:54:8:54:Infinity":17,"s:54:22:54:Infinity":18,"b:55:7:55:Infinity:undefined:undefined:undefined:undefined":2,"s:55:7:55:Infinity":19,"s:55:33:55:80":20,"s:55:80:55:87":21,"s:56:3:56:Infinity":22,"s:58:10:58:Infinity":23,"f:60:5:60:8":4,"b:61:8:61:Infinity:undefined:undefined:undefined:undefined":3,"s:61:8:61:Infinity":24,"s:61:22:61:Infinity":25,"b:62:7:62:Infinity:undefined:undefined:undefined:undefined":4,"s:62:7:62:Infinity":26,"s:62:33:62:80":27,"s:62:80:62:87":28,"s:63:3:63:Infinity":29,"s:65:10:65:Infinity":30,"f:67:7:67:10":5,"b:68:8:68:Infinity:undefined:undefined:undefined:undefined":5,"s:68:8:68:Infinity":31,"s:68:22:68:Infinity":32,"s:69:18:69:62":33,"b:69:18:69:60:69:60:69:62":6,"b:70:7:70:Infinity:undefined:undefined:undefined:undefined":7,"s:70:7:70:Infinity":34,"b:70:7:70:33:70:29:70:50:70:46:70:87":8,"s:70:78:70:Infinity":35,"s:71:3:71:Infinity":36,"s:73:10:73:Infinity":37,"s:77:26:77:Infinity":38,"s:78:22:78:Infinity":39,"s:80:1:127:Infinity":40,"f:80:8:80:15":6,"s:81:2:101:Infinity":41,"b:88:46:88:68:88:68:88:Infinity":9,"b:88:73:88:84:88:79:88:Infinity":10,"f:91:33:91:35":7,"b:92:10:97:Infinity:undefined:undefined:undefined:undefined":11,"s:92:10:97:Infinity":42,"s:93:17:93:Infinity":43,"s:94:7:94:Infinity":44,"b:95:11:95:Infinity:undefined:undefined:undefined:undefined":12,"s:95:11:95:Infinity":45,"s:95:35:95:Infinity":46,"s:96:7:96:Infinity":47,"f:96:40:96:42":8,"s:96:42:96:73":48,"s:96:73:96:77":49,"s:104:2:106:Infinity":50,"f:104:9:104:16":9,"s:105:3:105:Infinity":51,"s:108:2:111:Infinity":52,"f:108:9:108:16":10,"s:109:16:109:Infinity":53,"b:109:41:109:63:109:63:109:Infinity":13,"b:109:68:109:79:109:74:109:Infinity":14,"s:110:3:110:Infinity":54,"s:113:2:121:Infinity":55,"f:113:9:113:16":11,"b:114:7:120:Infinity:undefined:undefined:undefined:undefined":15,"s:114:7:120:Infinity":56,"s:115:4:115:Infinity":57,"s:116:4:116:Infinity":58,"s:117:4:118:Infinity":59,"s:123:15:126:Infinity":60,"f:123:15:123:Infinity":12,"b:124:7:124:Infinity:undefined:undefined:undefined:undefined":16,"s:124:7:124:Infinity":61,"s:124:31:124:Infinity":62,"s:125:3:125:Infinity":63,"s:130:4:130:16":64,"s:130:1:130:Infinity":65,"f:130:4:130:16":13,"s:130:16:130:Infinity":66,"f:130:25:130:Infinity":14,"s:130:16:130:25":67,"s:130:1:130:16":68},"fnNames":{}}}
,"C:\\Users\\TJ\\Documents\\Kent-Code-Quick\\frontend\\src\\lib\\components\\Footer.svelte": {"path":"C:\\Users\\TJ\\Documents\\Kent-Code-Quick\\frontend\\src\\lib\\components\\Footer.svelte","statementMap":{"0":{"start":{"line":6,"column":18},"end":{"line":9,"column":null}},"1":{"start":{"line":13,"column":7},"end":{"line":13,"column":null}},"2":{"start":{"line":14,"column":5},"end":{"line":13,"column":null}},"3":{"start":{"line":14,"column":2},"end":{"line":16,"column":null}},"4":{"start":{"line":15,"column":9},"end":{"line":15,"column":20}},"5":{"start":{"line":15,"column":30},"end":{"line":15,"column":39}},"6":{"start":{"line":16,"column":5},"end":{"line":16,"column":null}},"7":{"start":{"line":23,"column":8},"end":{"line":16,"column":null}},"8":{"start":{"line":16,"column":4},"end":{"line":16,"column":null}},"9":{"start":{"line":16,"column":4},"end":{"line":17,"column":null}},"10":{"start":{"line":16,"column":4},"end":{"line":21,"column":null}},"11":{"start":{"line":23,"column":5},"end":{"line":23,"column":30}},"12":{"start":{"line":23,"column":5},"end":{"line":23,"column":null}},"13":{"start":{"line":14,"column":2},"end":{"line":14,"column":null}},"14":{"start":{"line":13,"column":1},"end":{"line":13,"column":null}}},"fnMap":{"0":{"name":"Footer","decl":{"start":{"line":1,"column":0},"end":{"line":1,"column":null}},"loc":{"start":{"line":1,"column":0},"end":{"line":11,"column":null}},"line":1},"1":{"name":"(anonymous_1)","decl":{"start":{"line":14,"column":2},"end":{"line":14,"column":5}},"loc":{"start":{"line":14,"column":2},"end":{"line":16,"column":null}},"line":14},"2":{"name":"(anonymous_2)","decl":{"start":{"line":14,"column":5},"end":{"line":14,"column":null}},"loc":{"start":{"line":15,"column":9},"end":{"line":15,"column":20}},"line":15},"3":{"name":"(anonymous_3)","decl":{"start":{"line":15,"column":20},"end":{"line":15,"column":24}},"loc":{"start":{"line":15,"column":30},"end":{"line":15,"column":39}},"line":15},"4":{"name":"(anonymous_4)","decl":{"start":{"line":15,"column":39},"end":{"line":15,"column":null}},"loc":{"start":{"line":15,"column":28},"end":{"line":16,"column":null}},"line":15}},"branchMap":{},"s":{"0":2,"1":2,"2":2,"3":2,"4":2,"5":12,"6":6,"7":6,"8":6,"9":6,"10":6,"11":6,"12":6,"13":2,"14":2},"f":{"0":2,"1":2,"2":2,"3":12,"4":6},"b":{},"meta":{"lastBranch":0,"lastFunction":0,"lastStatement":0,"seen":{},"fnNames":{}}}
,"C:\\Users\\TJ\\Documents\\Kent-Code-Quick\\frontend\\src\\lib\\components\\ParticipantCard.svelte": {"path":"C:\\Users\\TJ\\Documents\\Kent-Code-Quick\\frontend\\src\\lib\\components\\ParticipantCard.svelte","statementMap":{"0":{"start":{"line":7,"column":8},"end":{"line":7,"column":null}},"1":{"start":{"line":13,"column":18},"end":{"line":13,"column":null}},"2":{"start":{"line":14,"column":17},"end":{"line":14,"column":null}},"3":{"start":{"line":15,"column":16},"end":{"line":15,"column":null}},"4":{"start":{"line":17,"column":1},"end":{"line":22,"column":null}},"5":{"start":{"line":18,"column":6},"end":{"line":18,"column":null}},"6":{"start":{"line":18,"column":12},"end":{"line":18,"column":null}},"7":{"start":{"line":19,"column":2},"end":{"line":19,"column":null}},"8":{"start":{"line":20,"column":2},"end":{"line":20,"column":null}},"9":{"start":{"line":21,"column":2},"end":{"line":21,"column":null}},"10":{"start":{"line":24,"column":20},"end":{"line":32,"column":null}},"11":{"start":{"line":25,"column":14},"end":{"line":32,"column":9}},"12":{"start":{"line":36,"column":4},"end":{"line":36,"column":null}},"13":{"start":{"line":37,"column":5},"end":{"line":36,"column":null}},"14":{"start":{"line":37,"column":2},"end":{"line":37,"column":null}},"15":{"start":{"line":38,"column":3},"end":{"line":38,"column":null}},"16":{"start":{"line":38,"column":17},"end":{"line":38,"column":37}},"17":{"start":{"line":38,"column":37},"end":{"line":38,"column":55}},"18":{"start":{"line":38,"column":55},"end":{"line":38,"column":null}},"19":{"start":{"line":40,"column":5},"end":{"line":37,"column":null}},"20":{"start":{"line":41,"column":7},"end":{"line":40,"column":null}},"21":{"start":{"line":41,"column":3},"end":{"line":41,"column":118}},"22":{"start":{"line":43,"column":8},"end":{"line":43,"column":124}},"23":{"start":{"line":43,"column":4},"end":{"line":43,"column":124}},"24":{"start":{"line":43,"column":124},"end":{"line":43,"column":null}},"25":{"start":{"line":42,"column":7},"end":{"line":42,"column":null}},"26":{"start":{"line":42,"column":29},"end":{"line":42,"column":null}},"27":{"start":{"line":46,"column":8},"end":{"line":46,"column":100}},"28":{"start":{"line":46,"column":4},"end":{"line":46,"column":100}},"29":{"start":{"line":46,"column":100},"end":{"line":46,"column":null}},"30":{"start":{"line":45,"column":19},"end":{"line":45,"column":null}},"31":{"start":{"line":45,"column":41},"end":{"line":45,"column":null}},"32":{"start":{"line":49,"column":8},"end":{"line":49,"column":100}},"33":{"start":{"line":49,"column":4},"end":{"line":49,"column":100}},"34":{"start":{"line":49,"column":100},"end":{"line":49,"column":null}},"35":{"start":{"line":48,"column":19},"end":{"line":48,"column":null}},"36":{"start":{"line":48,"column":36},"end":{"line":48,"column":null}},"37":{"start":{"line":40,"column":2},"end":{"line":40,"column":null}},"38":{"start":{"line":36,"column":1},"end":{"line":36,"column":null}},"39":{"start":{"line":41,"column":118},"end":{"line":41,"column":null}}},"fnMap":{"0":{"name":"ParticipantCard","decl":{"start":{"line":1,"column":0},"end":{"line":1,"column":null}},"loc":{"start":{"line":1,"column":0},"end":{"line":34,"column":null}},"line":1},"1":{"name":"(anonymous_1)","decl":{"start":{"line":17,"column":8},"end":{"line":17,"column":15}},"loc":{"start":{"line":17,"column":15},"end":{"line":22,"column":2}},"line":17},"2":{"name":"(anonymous_2)","decl":{"start":{"line":25,"column":14},"end":{"line":25,"column":26}},"loc":{"start":{"line":25,"column":14},"end":{"line":32,"column":9}},"line":25},"3":{"name":"(anonymous_3)","decl":{"start":{"line":38,"column":3},"end":{"line":38,"column":10}},"loc":{"start":{"line":38,"column":3},"end":{"line":38,"column":null}},"line":38},"4":{"name":"(anonymous_4)","decl":{"start":{"line":43,"column":124},"end":{"line":43,"column":137}},"loc":{"start":{"line":43,"column":124},"end":{"line":43,"column":null}},"line":43},"5":{"name":"(anonymous_5)","decl":{"start":{"line":46,"column":100},"end":{"line":46,"column":118}},"loc":{"start":{"line":46,"column":100},"end":{"line":46,"column":null}},"line":46},"6":{"name":"(anonymous_6)","decl":{"start":{"line":49,"column":100},"end":{"line":49,"column":113}},"loc":{"start":{"line":49,"column":100},"end":{"line":49,"column":null}},"line":49},"7":{"name":"(anonymous_7)","decl":{"start":{"line":41,"column":118},"end":{"line":41,"column":122}},"loc":{"start":{"line":41,"column":118},"end":{"line":41,"column":null}},"line":41}},"branchMap":{"0":{"loc":{"start":{"line":18,"column":6},"end":{"line":18,"column":null}},"type":"if","locations":[{"start":{"line":18,"column":6},"end":{"line":18,"column":null}},{"start":{},"end":{}}],"line":18},"1":{"loc":{"start":{"line":25,"column":14},"end":{"line":32,"column":9}},"type":"cond-expr","locations":[{"start":{"line":26,"column":9},"end":{"line":30,"column":null}},{"start":{"line":32,"column":5},"end":{"line":32,"column":9}}],"line":25},"2":{"loc":{"start":{"line":43,"column":124},"end":{"line":43,"column":null}},"type":"binary-expr","locations":[{"start":{"line":43,"column":124},"end":{"line":43,"column":null}},{"start":{"line":43,"column":137},"end":{"line":43,"column":null}}],"line":43},"3":{"loc":{"start":{"line":42,"column":7},"end":{"line":42,"column":null}},"type":"if","locations":[{"start":{"line":42,"column":7},"end":{"line":42,"column":null}},{"start":{},"end":{}}],"line":42},"4":{"loc":{"start":{"line":46,"column":100},"end":{"line":46,"column":null}},"type":"binary-expr","locations":[{"start":{"line":46,"column":100},"end":{"line":46,"column":118}},{"start":{"line":46,"column":118},"end":{"line":46,"column":null}}],"line":46},"5":{"loc":{"start":{"line":45,"column":19},"end":{"line":45,"column":null}},"type":"if","locations":[{"start":{"line":45,"column":19},"end":{"line":45,"column":null}},{"start":{},"end":{}}],"line":45},"6":{"loc":{"start":{"line":49,"column":100},"end":{"line":49,"column":null}},"type":"binary-expr","locations":[{"start":{"line":49,"column":100},"end":{"line":49,"column":113}},{"start":{"line":49,"column":113},"end":{"line":49,"column":null}}],"line":49},"7":{"loc":{"start":{"line":48,"column":19},"end":{"line":48,"column":null}},"type":"if","locations":[{"start":{"line":48,"column":19},"end":{"line":48,"column":null}},{"start":{},"end":{}}],"line":48}},"s":{"0":5,"1":5,"2":5,"3":5,"4":5,"5":5,"6":0,"7":5,"8":5,"9":5,"10":5,"11":5,"12":5,"13":5,"14":5,"15":5,"16":0,"17":0,"18":0,"19":5,"20":5,"21":5,"22":1,"23":1,"24":1,"25":5,"26":1,"27":0,"28":0,"29":0,"30":5,"31":0,"32":0,"33":0,"34":0,"35":5,"36":0,"37":5,"38":5,"39":5},"f":{"0":5,"1":5,"2":5,"3":5,"4":1,"5":0,"6":0,"7":5},"b":{"0":[0,5],"1":[1,4],"2":[1,0],"3":[1,4],"4":[0,0],"5":[0,5],"6":[0,0],"7":[0,5]},"meta":{"lastBranch":8,"lastFunction":8,"lastStatement":40,"seen":{"f:1:0:1:Infinity":0,"s:7:8:7:Infinity":0,"s:13:18:13:Infinity":1,"s:14:17:14:Infinity":2,"s:15:16:15:Infinity":3,"s:17:1:22:Infinity":4,"f:17:8:17:15":1,"b:18:6:18:Infinity:undefined:undefined:undefined:undefined":0,"s:18:6:18:Infinity":5,"s:18:12:18:Infinity":6,"s:19:2:19:Infinity":7,"s:20:2:20:Infinity":8,"s:21:2:21:Infinity":9,"s:24:20:32:Infinity":10,"f:25:14:25:26":2,"s:25:14:32:9":11,"b:26:9:30:Infinity:32:5:32:9":1,"s:36:4:36:Infinity":12,"s:37:5:36:Infinity":13,"s:37:2:37:Infinity":14,"f:38:3:38:10":3,"s:38:3:38:Infinity":15,"s:38:17:38:37":16,"s:38:37:38:55":17,"s:38:55:38:Infinity":18,"s:40:5:37:Infinity":19,"s:41:7:40:Infinity":20,"s:41:3:41:118":21,"s:43:8:43:124":22,"s:43:4:43:124":23,"s:43:124:43:Infinity":24,"f:43:124:43:137":4,"b:43:124:43:Infinity:43:137:43:Infinity":2,"b:42:7:42:Infinity:undefined:undefined:undefined:undefined":3,"s:42:7:42:Infinity":25,"s:42:29:42:Infinity":26,"s:46:8:46:100":27,"s:46:4:46:100":28,"s:46:100:46:Infinity":29,"f:46:100:46:118":5,"b:46:100:46:118:46:118:46:Infinity":4,"b:45:19:45:Infinity:undefined:undefined:undefined:undefined":5,"s:45:19:45:Infinity":30,"s:45:41:45:Infinity":31,"s:49:8:49:100":32,"s:49:4:49:100":33,"s:49:100:49:Infinity":34,"f:49:100:49:113":6,"b:49:100:49:113:49:113:49:Infinity":6,"b:48:19:48:Infinity:undefined:undefined:undefined:undefined":7,"s:48:19:48:Infinity":35,"s:48:36:48:Infinity":36,"s:40:2:40:Infinity":37,"s:36:1:36:Infinity":38,"s:41:118:41:Infinity":39,"f:41:118:41:122":7},"fnNames":{}}}
,"C:\\Users\\TJ\\Documents\\Kent-Code-Quick\\frontend\\src\\lib\\components\\ParticipantFocus.svelte": {"path":"C:\\Users\\TJ\\Documents\\Kent-Code-Quick\\frontend\\src\\lib\\components\\ParticipantFocus.svelte","statementMap":{"0":{"start":{"line":22,"column":9},"end":{"line":22,"column":null}},"1":{"start":{"line":23,"column":12},"end":{"line":23,"column":null}},"2":{"start":{"line":25,"column":16},"end":{"line":27,"column":null}},"3":{"start":{"line":26,"column":2},"end":{"line":27,"column":54}},"4":{"start":{"line":30,"column":15},"end":{"line":31,"column":null}},"5":{"start":{"line":30,"column":34},"end":{"line":31,"column":null}},"6":{"start":{"line":34,"column":4},"end":{"line":34,"column":null}},"7":{"start":{"line":35,"column":8},"end":{"line":34,"column":null}},"8":{"start":{"line":36,"column":9},"end":{"line":35,"column":null}},"9":{"start":{"line":45,"column":6},"end":{"line":36,"column":null}},"10":{"start":{"line":46,"column":8},"end":{"line":45,"column":null}},"11":{"start":{"line":46,"column":4},"end":{"line":46,"column":93}},"12":{"start":{"line":47,"column":8},"end":{"line":46,"column":93}},"13":{"start":{"line":47,"column":4},"end":{"line":47,"column":77}},"14":{"start":{"line":45,"column":3},"end":{"line":45,"column":null}},"15":{"start":{"line":50,"column":6},"end":{"line":45,"column":null}},"16":{"start":{"line":51,"column":7},"end":{"line":50,"column":null}},"17":{"start":{"line":52,"column":11},"end":{"line":51,"column":null}},"18":{"start":{"line":57,"column":11},"end":{"line":52,"column":null}},"19":{"start":{"line":51,"column":4},"end":{"line":51,"column":null}},"20":{"start":{"line":63,"column":10},"end":{"line":51,"column":null}},"21":{"start":{"line":71,"column":10},"end":{"line":63,"column":null}},"22":{"start":{"line":50,"column":3},"end":{"line":50,"column":null}},"23":{"start":{"line":35,"column":2},"end":{"line":35,"column":null}},"24":{"start":{"line":82,"column":6},"end":{"line":82,"column":null}},"25":{"start":{"line":82,"column":3},"end":{"line":82,"column":null}},"26":{"start":{"line":83,"column":4},"end":{"line":83,"column":null}},"27":{"start":{"line":83,"column":30},"end":{"line":83,"column":53}},"28":{"start":{"line":83,"column":53},"end":{"line":83,"column":74}},"29":{"start":{"line":83,"column":74},"end":{"line":83,"column":null}},"30":{"start":{"line":86,"column":6},"end":{"line":86,"column":null}},"31":{"start":{"line":87,"column":10},"end":{"line":86,"column":null}},"32":{"start":{"line":88,"column":10},"end":{"line":87,"column":32}},"33":{"start":{"line":89,"column":10},"end":{"line":88,"column":32}},"34":{"start":{"line":86,"column":3},"end":{"line":86,"column":null}},"35":{"start":{"line":91,"column":6},"end":{"line":86,"column":null}},"36":{"start":{"line":91,"column":3},"end":{"line":91,"column":null}},"37":{"start":{"line":92,"column":4},"end":{"line":97,"column":null}},"38":{"start":{"line":93,"column":14},"end":{"line":93,"column":null}},"39":{"start":{"line":94,"column":11},"end":{"line":94,"column":null}},"40":{"start":{"line":87,"column":4},"end":{"line":87,"column":32}},"41":{"start":{"line":88,"column":4},"end":{"line":88,"column":32}},"42":{"start":{"line":89,"column":4},"end":{"line":89,"column":32}},"43":{"start":{"line":87,"column":32},"end":{"line":87,"column":78}},"44":{"start":{"line":88,"column":32},"end":{"line":88,"column":77}},"45":{"start":{"line":89,"column":32},"end":{"line":89,"column":76}},"46":{"start":{"line":87,"column":4},"end":{"line":87,"column":null}},"47":{"start":{"line":87,"column":78},"end":{"line":87,"column":null}},"48":{"start":{"line":88,"column":4},"end":{"line":88,"column":null}},"49":{"start":{"line":88,"column":77},"end":{"line":88,"column":null}},"50":{"start":{"line":89,"column":4},"end":{"line":89,"column":null}},"51":{"start":{"line":89,"column":76},"end":{"line":89,"column":null}},"52":{"start":{"line":81,"column":6},"end":{"line":81,"column":null}},"53":{"start":{"line":81,"column":24},"end":{"line":81,"column":null}},"54":{"start":{"line":34,"column":1},"end":{"line":34,"column":null}},"55":{"start":{"line":36,"column":3},"end":{"line":40,"column":null}},"56":{"start":{"line":46,"column":93},"end":{"line":46,"column":null}},"57":{"start":{"line":47,"column":77},"end":{"line":47,"column":null}},"58":{"start":{"line":52,"column":5},"end":{"line":55,"column":null}},"59":{"start":{"line":57,"column":5},"end":{"line":60,"column":null}},"60":{"start":{"line":63,"column":4},"end":{"line":67,"column":null}},"61":{"start":{"line":36,"column":3},"end":{"line":36,"column":null}},"62":{"start":{"line":52,"column":5},"end":{"line":54,"column":null}},"63":{"start":{"line":54,"column":21},"end":{"line":54,"column":null}},"64":{"start":{"line":57,"column":5},"end":{"line":59,"column":null}},"65":{"start":{"line":59,"column":21},"end":{"line":59,"column":null}},"66":{"start":{"line":63,"column":4},"end":{"line":63,"column":null}},"67":{"start":{"line":71,"column":4},"end":{"line":71,"column":null}}},"fnMap":{"0":{"name":"ParticipantFocus","decl":{"start":{"line":1,"column":0},"end":{"line":1,"column":null}},"loc":{"start":{"line":1,"column":0},"end":{"line":32,"column":null}},"line":1},"1":{"name":"(anonymous_1)","decl":{"start":{"line":26,"column":2},"end":{"line":26,"column":9}},"loc":{"start":{"line":26,"column":2},"end":{"line":27,"column":54}},"line":26},"2":{"name":"(anonymous_2)","decl":{"start":{"line":30,"column":15},"end":{"line":30,"column":19}},"loc":{"start":{"line":30,"column":34},"end":{"line":31,"column":null}},"line":30},"3":{"name":"(anonymous_3)","decl":{"start":{"line":83,"column":4},"end":{"line":83,"column":11}},"loc":{"start":{"line":83,"column":4},"end":{"line":83,"column":null}},"line":83},"4":{"name":"(anonymous_4)","decl":{"start":{"line":92,"column":4},"end":{"line":92,"column":10}},"loc":{"start":{"line":92,"column":4},"end":{"line":97,"column":null}},"line":92},"5":{"name":"(anonymous_5)","decl":{"start":{"line":97,"column":20},"end":{"line":97,"column":21}},"loc":{"start":{"line":97,"column":20},"end":{"line":97,"column":null}},"line":97},"6":{"name":"(anonymous_6)","decl":{"start":{"line":87,"column":32},"end":{"line":87,"column":40}},"loc":{"start":{"line":87,"column":32},"end":{"line":87,"column":78}},"line":87},"7":{"name":"(anonymous_7)","decl":{"start":{"line":88,"column":32},"end":{"line":88,"column":40}},"loc":{"start":{"line":88,"column":32},"end":{"line":88,"column":77}},"line":88},"8":{"name":"(anonymous_8)","decl":{"start":{"line":89,"column":32},"end":{"line":89,"column":40}},"loc":{"start":{"line":89,"column":32},"end":{"line":89,"column":76}},"line":89},"9":{"name":"click_2","decl":{"start":{"line":87,"column":10},"end":{"line":87,"column":32}},"loc":{"start":{"line":87,"column":10},"end":{"line":87,"column":null}},"line":87},"10":{"name":"click_3","decl":{"start":{"line":88,"column":10},"end":{"line":88,"column":32}},"loc":{"start":{"line":88,"column":10},"end":{"line":88,"column":null}},"line":88},"11":{"name":"click_4","decl":{"start":{"line":89,"column":10},"end":{"line":89,"column":32}},"loc":{"start":{"line":89,"column":10},"end":{"line":89,"column":null}},"line":89},"12":{"name":"(anonymous_12)","decl":{"start":{"line":36,"column":9},"end":{"line":36,"column":null}},"loc":{"start":{"line":36,"column":9},"end":{"line":36,"column":null}},"line":36},"13":{"name":"click","decl":{"start":{"line":52,"column":11},"end":{"line":52,"column":null}},"loc":{"start":{"line":52,"column":11},"end":{"line":54,"column":null}},"line":52},"14":{"name":"click_1","decl":{"start":{"line":57,"column":11},"end":{"line":57,"column":null}},"loc":{"start":{"line":57,"column":11},"end":{"line":59,"column":null}},"line":57},"15":{"name":"(anonymous_15)","decl":{"start":{"line":63,"column":10},"end":{"line":63,"column":null}},"loc":{"start":{"line":63,"column":10},"end":{"line":63,"column":null}},"line":63},"16":{"name":"(anonymous_16)","decl":{"start":{"line":71,"column":10},"end":{"line":71,"column":null}},"loc":{"start":{"line":71,"column":10},"end":{"line":71,"column":null}},"line":71}},"branchMap":{"0":{"loc":{"start":{"line":26,"column":2},"end":{"line":27,"column":54}},"type":"cond-expr","locations":[{"start":{"line":26,"column":35},"end":{"line":26,"column":null}},{"start":{"line":27,"column":2},"end":{"line":27,"column":54}}],"line":26},"1":{"loc":{"start":{"line":27,"column":2},"end":{"line":27,"column":54}},"type":"cond-expr","locations":[{"start":{"line":27,"column":19},"end":{"line":27,"column":37}},{"start":{"line":27,"column":37},"end":{"line":27,"column":54}}],"line":27},"2":{"loc":{"start":{"line":31,"column":76},"end":{"line":31,"column":144}},"type":"cond-expr","locations":[{"start":{"line":31,"column":85},"end":{"line":31,"column":112}},{"start":{"line":31,"column":112},"end":{"line":31,"column":144}}],"line":31},"3":{"loc":{"start":{"line":81,"column":6},"end":{"line":81,"column":null}},"type":"if","locations":[{"start":{"line":81,"column":6},"end":{"line":81,"column":null}},{"start":{"line":81,"column":24},"end":{"line":81,"column":null}}],"line":81},"4":{"loc":{"start":{"line":47,"column":78},"end":{"line":47,"column":null}},"type":"binary-expr","locations":[{"start":{"line":47,"column":78},"end":{"line":47,"column":null}},{"start":{"line":47,"column":78},"end":{"line":47,"column":null}}],"line":47},"5":{"loc":{"start":{"line":52,"column":11},"end":{"line":55,"column":135}},"type":"cond-expr","locations":[{"start":{"line":55,"column":76},"end":{"line":55,"column":103}},{"start":{"line":55,"column":103},"end":{"line":55,"column":135}}],"line":52},"6":{"loc":{"start":{"line":57,"column":11},"end":{"line":60,"column":157}},"type":"cond-expr","locations":[{"start":{"line":60,"column":98},"end":{"line":60,"column":125}},{"start":{"line":60,"column":125},"end":{"line":60,"column":157}}],"line":57}},"s":{"0":4,"1":4,"2":4,"3":0,"4":4,"5":0,"6":4,"7":4,"8":4,"9":4,"10":4,"11":4,"12":4,"13":4,"14":4,"15":4,"16":4,"17":4,"18":4,"19":4,"20":4,"21":4,"22":4,"23":4,"24":4,"25":4,"26":4,"27":4,"28":4,"29":4,"30":0,"31":0,"32":0,"33":0,"34":0,"35":0,"36":0,"37":0,"38":0,"39":0,"40":0,"41":0,"42":0,"43":0,"44":0,"45":0,"46":0,"47":0,"48":0,"49":0,"50":0,"51":0,"52":4,"53":0,"54":4,"55":4,"56":4,"57":4,"58":4,"59":4,"60":4,"61":4,"62":4,"63":0,"64":4,"65":0,"66":4,"67":4},"f":{"0":4,"1":0,"2":0,"3":4,"4":0,"5":0,"6":0,"7":0,"8":0,"9":0,"10":0,"11":0,"12":1,"13":0,"14":0,"15":1,"16":1},"b":{"0":[0,0],"1":[0,0],"2":[0,0],"3":[4,0],"4":[4,0],"5":[4,0],"6":[0,4]},"meta":{"lastBranch":7,"lastFunction":17,"lastStatement":68,"seen":{"f:1:0:1:Infinity":0,"s:22:9:22:Infinity":0,"s:23:12:23:Infinity":1,"s:25:16:27:Infinity":2,"f:26:2:26:9":1,"s:26:2:27:54":3,"b:26:35:26:Infinity:27:2:27:54":0,"b:27:19:27:37:27:37:27:54":1,"s:30:15:31:Infinity":4,"f:30:15:30:19":2,"s:30:34:31:Infinity":5,"b:31:85:31:112:31:112:31:144":2,"s:34:4:34:Infinity":6,"s:35:8:34:Infinity":7,"s:36:9:35:Infinity":8,"s:45:6:36:Infinity":9,"s:46:8:45:Infinity":10,"s:46:4:46:93":11,"s:47:8:46:93":12,"s:47:4:47:77":13,"s:45:3:45:Infinity":14,"s:50:6:45:Infinity":15,"s:51:7:50:Infinity":16,"s:52:11:51:Infinity":17,"s:57:11:52:Infinity":18,"s:51:4:51:Infinity":19,"s:63:10:51:Infinity":20,"s:71:10:63:Infinity":21,"s:50:3:50:Infinity":22,"s:35:2:35:Infinity":23,"s:82:6:82:Infinity":24,"s:82:3:82:Infinity":25,"f:83:4:83:11":3,"s:83:4:83:Infinity":26,"s:83:30:83:53":27,"s:83:53:83:74":28,"s:83:74:83:Infinity":29,"s:86:6:86:Infinity":30,"s:87:10:86:Infinity":31,"s:88:10:87:32":32,"s:89:10:88:32":33,"s:86:3:86:Infinity":34,"s:91:6:86:Infinity":35,"s:91:3:91:Infinity":36,"f:92:4:92:10":4,"s:92:4:97:Infinity":37,"s:93:14:93:Infinity":38,"s:94:11:94:Infinity":39,"f:97:20:97:21":5,"s:87:4:87:32":40,"s:88:4:88:32":41,"s:89:4:89:32":42,"f:87:32:87:40":6,"s:87:32:87:78":43,"f:88:32:88:40":7,"s:88:32:88:77":44,"f:89:32:89:40":8,"s:89:32:89:76":45,"s:87:4:87:Infinity":46,"f:87:10:87:32":9,"s:87:78:87:Infinity":47,"s:88:4:88:Infinity":48,"f:88:10:88:32":10,"s:88:77:88:Infinity":49,"s:89:4:89:Infinity":50,"f:89:10:89:32":11,"s:89:76:89:Infinity":51,"b:81:6:81:Infinity:81:24:81:Infinity":3,"s:81:6:81:Infinity":52,"s:81:24:81:Infinity":53,"s:34:1:34:Infinity":54,"s:36:3:40:Infinity":55,"s:46:93:46:Infinity":56,"s:47:77:47:Infinity":57,"b:47:78:47:Infinity:47:78:47:Infinity":4,"s:52:5:55:Infinity":58,"b:55:76:55:103:55:103:55:135":5,"s:57:5:60:Infinity":59,"b:60:98:60:125:60:125:60:157":6,"s:63:4:67:Infinity":60,"s:36:3:36:Infinity":61,"f:36:9:36:Infinity":12,"s:52:5:54:Infinity":62,"f:52:11:52:Infinity":13,"s:54:21:54:Infinity":63,"s:57:5:59:Infinity":64,"f:57:11:57:Infinity":14,"s:59:21:59:Infinity":65,"s:63:4:63:Infinity":66,"f:63:10:63:Infinity":15,"s:71:4:71:Infinity":67,"f:71:10:71:Infinity":16},"fnNames":{}}}
,"C:\\Users\\TJ\\Documents\\Kent-Code-Quick\\frontend\\src\\lib\\components\\ParticleBackground.svelte": {"path":"C:\\Users\\TJ\\Documents\\Kent-Code-Quick\\frontend\\src\\lib\\components\\ParticleBackground.svelte","statementMap":{"0":{"start":{"line":6,"column":30},"end":{"line":6,"column":null}},"1":{"start":{"line":7,"column":44},"end":{"line":7,"column":48}},"2":{"start":{"line":8,"column":22},"end":{"line":8,"column":23}},"3":{"start":{"line":9,"column":71},"end":{"line":9,"column":null}},"4":{"start":{"line":10,"column":23},"end":{"line":10,"column":25}},"5":{"start":{"line":11,"column":28},"end":{"line":11,"column":31}},"6":{"start":{"line":14,"column":13},"end":{"line":14,"column":null}},"7":{"start":{"line":14,"column":46},"end":{"line":14,"column":null}},"8":{"start":{"line":15,"column":2},"end":{"line":15,"column":null}},"9":{"start":{"line":16,"column":7},"end":{"line":16,"column":null}},"10":{"start":{"line":16,"column":10},"end":{"line":16,"column":null}},"11":{"start":{"line":18,"column":2},"end":{"line":18,"column":null}},"12":{"start":{"line":19,"column":2},"end":{"line":19,"column":null}},"13":{"start":{"line":21,"column":2},"end":{"line":25,"column":null}},"14":{"start":{"line":21,"column":48},"end":{"line":25,"column":null}},"15":{"start":{"line":28,"column":2},"end":{"line":28,"column":null}},"16":{"start":{"line":32,"column":7},"end":{"line":32,"column":null}},"17":{"start":{"line":32,"column":21},"end":{"line":32,"column":null}},"18":{"start":{"line":34,"column":2},"end":{"line":34,"column":null}},"19":{"start":{"line":35,"column":2},"end":{"line":35,"column":null}},"20":{"start":{"line":37,"column":11},"end":{"line":69,"column":null}},"21":{"start":{"line":37,"column":15},"end":{"line":37,"column":16}},"22":{"start":{"line":38,"column":13},"end":{"line":38,"column":null}},"23":{"start":{"line":40,"column":3},"end":{"line":40,"column":null}},"24":{"start":{"line":41,"column":3},"end":{"line":41,"column":null}},"25":{"start":{"line":43,"column":7},"end":{"line":43,"column":null}},"26":{"start":{"line":43,"column":38},"end":{"line":43,"column":null}},"27":{"start":{"line":44,"column":7},"end":{"line":44,"column":null}},"28":{"start":{"line":44,"column":39},"end":{"line":44,"column":null}},"29":{"start":{"line":46,"column":3},"end":{"line":46,"column":null}},"30":{"start":{"line":47,"column":3},"end":{"line":47,"column":null}},"31":{"start":{"line":49,"column":12},"end":{"line":63,"column":null}},"32":{"start":{"line":49,"column":16},"end":{"line":49,"column":21}},"33":{"start":{"line":50,"column":15},"end":{"line":50,"column":null}},"34":{"start":{"line":51,"column":15},"end":{"line":51,"column":25}},"35":{"start":{"line":52,"column":15},"end":{"line":52,"column":25}},"36":{"start":{"line":53,"column":21},"end":{"line":53,"column":null}},"37":{"start":{"line":55,"column":8},"end":{"line":62,"column":null}},"38":{"start":{"line":56,"column":18},"end":{"line":56,"column":63}},"39":{"start":{"line":57,"column":5},"end":{"line":57,"column":null}},"40":{"start":{"line":58,"column":5},"end":{"line":58,"column":null}},"41":{"start":{"line":59,"column":5},"end":{"line":59,"column":null}},"42":{"start":{"line":60,"column":5},"end":{"line":60,"column":null}},"43":{"start":{"line":61,"column":5},"end":{"line":61,"column":null}},"44":{"start":{"line":65,"column":3},"end":{"line":65,"column":null}},"45":{"start":{"line":66,"column":3},"end":{"line":66,"column":null}},"46":{"start":{"line":67,"column":3},"end":{"line":67,"column":null}},"47":{"start":{"line":68,"column":3},"end":{"line":68,"column":null}},"48":{"start":{"line":71,"column":2},"end":{"line":71,"column":null}},"49":{"start":{"line":75,"column":13},"end":{"line":75,"column":null}},"50":{"start":{"line":75,"column":46},"end":{"line":75,"column":null}},"51":{"start":{"line":76,"column":2},"end":{"line":76,"column":null}},"52":{"start":{"line":77,"column":2},"end":{"line":77,"column":null}},"53":{"start":{"line":80,"column":1},"end":{"line":84,"column":null}},"54":{"start":{"line":81,"column":13},"end":{"line":81,"column":null}},"55":{"start":{"line":81,"column":35},"end":{"line":81,"column":null}},"56":{"start":{"line":82,"column":2},"end":{"line":82,"column":null}},"57":{"start":{"line":83,"column":2},"end":{"line":83,"column":null}},"58":{"start":{"line":86,"column":1},"end":{"line":90,"column":null}},"59":{"start":{"line":87,"column":13},"end":{"line":87,"column":null}},"60":{"start":{"line":87,"column":35},"end":{"line":87,"column":null}},"61":{"start":{"line":88,"column":6},"end":{"line":88,"column":null}},"62":{"start":{"line":88,"column":22},"end":{"line":88,"column":null}},"63":{"start":{"line":89,"column":2},"end":{"line":89,"column":null}},"64":{"start":{"line":94,"column":7},"end":{"line":94,"column":19}},"65":{"start":{"line":94,"column":1},"end":{"line":94,"column":null}},"66":{"start":{"line":94,"column":7},"end":{"line":94,"column":null}},"67":{"start":{"line":94,"column":25},"end":{"line":94,"column":null}}},"fnMap":{"0":{"name":"ParticleBackground","decl":{"start":{"line":1,"column":0},"end":{"line":1,"column":null}},"loc":{"start":{"line":1,"column":0},"end":{"line":91,"column":null}},"line":1},"1":{"name":"initParticles","decl":{"start":{"line":13,"column":10},"end":{"line":13,"column":23}},"loc":{"start":{"line":13,"column":26},"end":{"line":29,"column":null}},"line":13},"2":{"name":"(anonymous_2)","decl":{"start":{"line":21,"column":48},"end":{"line":21,"column":null}},"loc":{"start":{"line":21,"column":48},"end":{"line":25,"column":null}},"line":21},"3":{"name":"animate","decl":{"start":{"line":31,"column":10},"end":{"line":31,"column":17}},"loc":{"start":{"line":31,"column":20},"end":{"line":72,"column":null}},"line":31},"4":{"name":"handleResize","decl":{"start":{"line":74,"column":10},"end":{"line":74,"column":22}},"loc":{"start":{"line":74,"column":25},"end":{"line":78,"column":null}},"line":74},"5":{"name":"(anonymous_5)","decl":{"start":{"line":80,"column":8},"end":{"line":80,"column":15}},"loc":{"start":{"line":80,"column":15},"end":{"line":84,"column":2}},"line":80},"6":{"name":"(anonymous_6)","decl":{"start":{"line":86,"column":10},"end":{"line":86,"column":17}},"loc":{"start":{"line":86,"column":17},"end":{"line":90,"column":2}},"line":86},"7":{"name":"(anonymous_7)","decl":{"start":{"line":94,"column":7},"end":{"line":94,"column":19}},"loc":{"start":{"line":94,"column":7},"end":{"line":94,"column":null}},"line":94},"8":{"name":"(anonymous_8)","decl":{"start":{"line":94,"column":25},"end":{"line":94,"column":null}},"loc":{"start":{"line":94,"column":25},"end":{"line":94,"column":null}},"line":94}},"branchMap":{"0":{"loc":{"start":{"line":14,"column":13},"end":{"line":14,"column":null}},"type":"if","locations":[{"start":{"line":14,"column":13},"end":{"line":14,"column":null}},{"start":{},"end":{}}],"line":14},"1":{"loc":{"start":{"line":14,"column":13},"end":{"line":14,"column":null}},"type":"binary-expr","locations":[{"start":{"line":14,"column":13},"end":{"line":14,"column":40}},{"start":{"line":14,"column":35},"end":{"line":14,"column":null}}],"line":14},"2":{"loc":{"start":{"line":16,"column":7},"end":{"line":16,"column":null}},"type":"if","locations":[{"start":{"line":16,"column":7},"end":{"line":16,"column":null}},{"start":{},"end":{}}],"line":16},"3":{"loc":{"start":{"line":32,"column":7},"end":{"line":32,"column":null}},"type":"if","locations":[{"start":{"line":32,"column":7},"end":{"line":32,"column":null}},{"start":{},"end":{}}],"line":32},"4":{"loc":{"start":{"line":32,"column":7},"end":{"line":32,"column":null}},"type":"binary-expr","locations":[{"start":{"line":32,"column":7},"end":{"line":32,"column":10}},{"start":{"line":32,"column":10},"end":{"line":32,"column":null}}],"line":32},"5":{"loc":{"start":{"line":43,"column":7},"end":{"line":43,"column":null}},"type":"if","locations":[{"start":{"line":43,"column":7},"end":{"line":43,"column":null}},{"start":{},"end":{}}],"line":43},"6":{"loc":{"start":{"line":43,"column":7},"end":{"line":43,"column":36}},"type":"binary-expr","locations":[{"start":{"line":43,"column":7},"end":{"line":43,"column":14}},{"start":{"line":43,"column":18},"end":{"line":43,"column":36}}],"line":43},"7":{"loc":{"start":{"line":44,"column":7},"end":{"line":44,"column":null}},"type":"if","locations":[{"start":{"line":44,"column":7},"end":{"line":44,"column":null}},{"start":{},"end":{}}],"line":44},"8":{"loc":{"start":{"line":44,"column":7},"end":{"line":44,"column":37}},"type":"binary-expr","locations":[{"start":{"line":44,"column":7},"end":{"line":44,"column":14}},{"start":{"line":44,"column":18},"end":{"line":44,"column":37}}],"line":44},"9":{"loc":{"start":{"line":55,"column":8},"end":{"line":62,"column":null}},"type":"if","locations":[{"start":{"line":55,"column":8},"end":{"line":62,"column":null}},{"start":{},"end":{}}],"line":55},"10":{"loc":{"start":{"line":75,"column":13},"end":{"line":75,"column":null}},"type":"if","locations":[{"start":{"line":75,"column":13},"end":{"line":75,"column":null}},{"start":{},"end":{}}],"line":75},"11":{"loc":{"start":{"line":75,"column":13},"end":{"line":75,"column":null}},"type":"binary-expr","locations":[{"start":{"line":75,"column":13},"end":{"line":75,"column":40}},{"start":{"line":75,"column":35},"end":{"line":75,"column":null}}],"line":75},"12":{"loc":{"start":{"line":81,"column":13},"end":{"line":81,"column":null}},"type":"if","locations":[{"start":{"line":81,"column":13},"end":{"line":81,"column":null}},{"start":{},"end":{}}],"line":81},"13":{"loc":{"start":{"line":87,"column":13},"end":{"line":87,"column":null}},"type":"if","locations":[{"start":{"line":87,"column":13},"end":{"line":87,"column":null}},{"start":{},"end":{}}],"line":87},"14":{"loc":{"start":{"line":88,"column":6},"end":{"line":88,"column":null}},"type":"if","locations":[{"start":{"line":88,"column":6},"end":{"line":88,"column":null}},{"start":{},"end":{}}],"line":88}},"s":{"0":10,"1":10,"2":10,"3":10,"4":10,"5":10,"6":10,"7":0,"8":10,"9":10,"10":10,"11":0,"12":0,"13":0,"14":0,"15":0,"16":0,"17":0,"18":0,"19":0,"20":0,"21":0,"22":0,"23":0,"24":0,"25":0,"26":0,"27":0,"28":0,"29":0,"30":0,"31":0,"32":0,"33":0,"34":0,"35":0,"36":0,"37":0,"38":0,"39":0,"40":0,"41":0,"42":0,"43":0,"44":0,"45":0,"46":0,"47":0,"48":0,"49":0,"50":0,"51":0,"52":0,"53":10,"54":10,"55":0,"56":10,"57":10,"58":10,"59":10,"60":0,"61":10,"62":0,"63":10,"64":10,"65":10,"66":20,"67":20},"f":{"0":10,"1":10,"2":0,"3":0,"4":0,"5":10,"6":10,"7":20,"8":20},"b":{"0":[0,10],"1":[10,10],"2":[10,0],"3":[0,0],"4":[0,0],"5":[0,0],"6":[0,0],"7":[0,0],"8":[0,0],"9":[0,0],"10":[0,0],"11":[0,0],"12":[0,10],"13":[0,10],"14":[0,10]},"meta":{"lastBranch":15,"lastFunction":9,"lastStatement":68,"seen":{"f:1:0:1:Infinity":0,"s:6:30:6:Infinity":0,"s:7:44:7:48":1,"s:8:22:8:23":2,"s:9:71:9:Infinity":3,"s:10:23:10:25":4,"s:11:28:11:31":5,"f:13:10:13:23":1,"b:14:13:14:Infinity:undefined:undefined:undefined:undefined":0,"s:14:13:14:Infinity":6,"b:14:13:14:40:14:35:14:Infinity":1,"s:14:46:14:Infinity":7,"s:15:2:15:Infinity":8,"b:16:7:16:Infinity:undefined:undefined:undefined:undefined":2,"s:16:7:16:Infinity":9,"s:16:10:16:Infinity":10,"s:18:2:18:Infinity":11,"s:19:2:19:Infinity":12,"s:21:2:25:Infinity":13,"f:21:48:21:Infinity":2,"s:21:48:25:Infinity":14,"s:28:2:28:Infinity":15,"f:31:10:31:17":3,"b:32:7:32:Infinity:undefined:undefined:undefined:undefined":3,"s:32:7:32:Infinity":16,"b:32:7:32:10:32:10:32:Infinity":4,"s:32:21:32:Infinity":17,"s:34:2:34:Infinity":18,"s:35:2:35:Infinity":19,"s:37:11:69:Infinity":20,"s:37:15:37:16":21,"s:38:13:38:Infinity":22,"s:40:3:40:Infinity":23,"s:41:3:41:Infinity":24,"b:43:7:43:Infinity:undefined:undefined:undefined:undefined":5,"s:43:7:43:Infinity":25,"b:43:7:43:14:43:18:43:36":6,"s:43:38:43:Infinity":26,"b:44:7:44:Infinity:undefined:undefined:undefined:undefined":7,"s:44:7:44:Infinity":27,"b:44:7:44:14:44:18:44:37":8,"s:44:39:44:Infinity":28,"s:46:3:46:Infinity":29,"s:47:3:47:Infinity":30,"s:49:12:63:Infinity":31,"s:49:16:49:21":32,"s:50:15:50:Infinity":33,"s:51:15:51:25":34,"s:52:15:52:25":35,"s:53:21:53:Infinity":36,"b:55:8:62:Infinity:undefined:undefined:undefined:undefined":9,"s:55:8:62:Infinity":37,"s:56:18:56:63":38,"s:57:5:57:Infinity":39,"s:58:5:58:Infinity":40,"s:59:5:59:Infinity":41,"s:60:5:60:Infinity":42,"s:61:5:61:Infinity":43,"s:65:3:65:Infinity":44,"s:66:3:66:Infinity":45,"s:67:3:67:Infinity":46,"s:68:3:68:Infinity":47,"s:71:2:71:Infinity":48,"f:74:10:74:22":4,"b:75:13:75:Infinity:undefined:undefined:undefined:undefined":10,"s:75:13:75:Infinity":49,"b:75:13:75:40:75:35:75:Infinity":11,"s:75:46:75:Infinity":50,"s:76:2:76:Infinity":51,"s:77:2:77:Infinity":52,"s:80:1:84:Infinity":53,"f:80:8:80:15":5,"b:81:13:81:Infinity:undefined:undefined:undefined:undefined":12,"s:81:13:81:Infinity":54,"s:81:35:81:Infinity":55,"s:82:2:82:Infinity":56,"s:83:2:83:Infinity":57,"s:86:1:90:Infinity":58,"f:86:10:86:17":6,"b:87:13:87:Infinity:undefined:undefined:undefined:undefined":13,"s:87:13:87:Infinity":59,"s:87:35:87:Infinity":60,"b:88:6:88:Infinity:undefined:undefined:undefined:undefined":14,"s:88:6:88:Infinity":61,"s:88:22:88:Infinity":62,"s:89:2:89:Infinity":63,"s:94:7:94:19":64,"s:94:1:94:Infinity":65,"f:94:7:94:19":7,"s:94:7:94:Infinity":66,"f:94:25:94:Infinity":8,"s:94:25:94:Infinity":67},"fnNames":{}}}
,"C:\\Users\\TJ\\Documents\\Kent-Code-Quick\\frontend\\src\\lib\\components\\PenaltyBanner.svelte": {"path":"C:\\Users\\TJ\\Documents\\Kent-Code-Quick\\frontend\\src\\lib\\components\\PenaltyBanner.svelte","statementMap":{"0":{"start":{"line":6,"column":12},"end":{"line":6,"column":null}},"1":{"start":{"line":7,"column":51},"end":{"line":7,"column":55}},"2":{"start":{"line":9,"column":1},"end":{"line":20,"column":null}},"3":{"start":{"line":10,"column":15},"end":{"line":16,"column":null}},"4":{"start":{"line":11,"column":3},"end":{"line":11,"column":null}},"5":{"start":{"line":12,"column":7},"end":{"line":12,"column":null}},"6":{"start":{"line":12,"column":14},"end":{"line":12,"column":null}},"7":{"start":{"line":13,"column":3},"end":{"line":15,"column":null}},"8":{"start":{"line":14,"column":4},"end":{"line":14,"column":null}},"9":{"start":{"line":17,"column":15},"end":{"line":19,"column":null}},"10":{"start":{"line":18,"column":7},"end":{"line":18,"column":null}},"11":{"start":{"line":18,"column":14},"end":{"line":18,"column":null}},"12":{"start":{"line":24,"column":5},"end":{"line":24,"column":null}},"13":{"start":{"line":24,"column":2},"end":{"line":24,"column":null}},"14":{"start":{"line":26,"column":56},"end":{"line":26,"column":null}},"15":{"start":{"line":28,"column":46},"end":{"line":28,"column":null}},"16":{"start":{"line":25,"column":15},"end":{"line":25,"column":null}},"17":{"start":{"line":25,"column":30},"end":{"line":25,"column":null}},"18":{"start":{"line":23,"column":5},"end":{"line":23,"column":null}},"19":{"start":{"line":23,"column":12},"end":{"line":23,"column":null}}},"fnMap":{"0":{"name":"PenaltyBanner","decl":{"start":{"line":1,"column":0},"end":{"line":1,"column":null}},"loc":{"start":{"line":1,"column":0},"end":{"line":21,"column":null}},"line":1},"1":{"name":"(anonymous_1)","decl":{"start":{"line":9,"column":8},"end":{"line":9,"column":15}},"loc":{"start":{"line":9,"column":15},"end":{"line":20,"column":2}},"line":9},"2":{"name":"(anonymous_2)","decl":{"start":{"line":13,"column":28},"end":{"line":13,"co
[...]
ne":29,"column":1},"end":{"line":33,"column":null}},"13":{"start":{"line":30,"column":6},"end":{"line":32,"column":null}},"14":{"start":{"line":31,"column":3},"end":{"line":31,"column":null}},"15":{"start":{"line":36,"column":9},"end":{"line":36,"column":26}},"16":{"start":{"line":37,"column":6},"end":{"line":40,"column":null}},"17":{"start":{"line":38,"column":3},"end":{"line":38,"column":null}},"18":{"start":{"line":41,"column":15},"end":{"line":41,"column":35}},"19":{"start":{"line":42,"column":2},"end":{"line":42,"column":null}},"20":{"start":{"line":46,"column":6},"end":{"line":46,"column":null}},"21":{"start":{"line":46,"column":25},"end":{"line":46,"column":null}},"22":{"start":{"line":50,"column":6},"end":{"line":50,"column":null}},"23":{"start":{"line":50,"column":25},"end":{"line":50,"column":null}},"24":{"start":{"line":54,"column":2},"end":{"line":54,"column":null}},"25":{"start":{"line":58,"column":1},"end":{"line":67,"column":null}},"26":{"start":{"line":59,"column":6},"end":{"line":59,"column":null}},"27":{"start":{"line":59,"column":27},"end":{"line":59,"column":null}},"28":{"start":{"line":61,"column":7},"end":{"line":63,"column":null}},"29":{"start":{"line":61,"column":33},"end":{"line":61,"column":53}},"30":{"start":{"line":61,"column":53},"end":{"line":61,"column":66}},"31":{"start":{"line":61,"column":67},"end":{"line":63,"column":null}},"32":{"start":{"line":62,"column":37},"end":{"line":62,"column":57}},"33":{"start":{"line":62,"column":57},"end":{"line":62,"column":70}},"34":{"start":{"line":62,"column":71},"end":{"line":63,"column":null}},"35":{"start":{"line":63,"column":34},"end":{"line":63,"column":54}},"36":{"start":{"line":63,"column":54},"end":{"line":63,"column":68}},"37":{"start":{"line":65,"column":2},"end":{"line":65,"column":null}},"38":{"start":{"line":66,"column":15},"end":{"line":66,"column":null}},"39":{"start":{"line":69,"column":1},"end":{"line":81,"column":null}},"40":{"start":{"line":70,"column":12},"end":{"line":70,"column":null}},"41":{"start":{"line":71,"column":7},"end":{"line":74,"column":null}},"42":{"start":{"line":72,"column":3},"end":{"line":72,"column":null}},"43":{"start":{"line":75,"column":12},"end":{"line":75,"column":null}},"44":{"start":{"line":76,"column":7},"end":{"line":79,"column":null}},"45":{"start":{"line":77,"column":3},"end":{"line":77,"column":null}},"46":{"start":{"line":80,"column":2},"end":{"line":80,"column":null}},"47":{"start":{"line":85,"column":5},"end":{"line":85,"column":null}},"48":{"start":{"line":85,"column":2},"end":{"line":85,"column":null}},"49":{"start":{"line":89,"column":5},"end":{"line":89,"column":null}},"50":{"start":{"line":90,"column":9},"end":{"line":89,"column":null}},"51":{"start":{"line":91,"column":7},"end":{"line":90,"column":null}},"52":{"start":{"line":92,"column":8},"end":{"line":91,"column":null}},"53":{"start":{"line":92,"column":5},"end":{"line":92,"column":14}},"54":{"start":{"line":93,"column":5},"end":{"line":93,"column":null}},"55":{"start":{"line":93,"column":20},"end":{"line":93,"column":47}},"56":{"start":{"line":93,"column":47},"end":{"line":93,"column":null}},"57":{"start":{"line":91,"column":4},"end":{"line":91,"column":null}},"58":{"start":{"line":95,"column":7},"end":{"line":91,"column":null}},"59":{"start":{"line":95,"column":4},"end":{"line":95,"column":null}},"60":{"start":{"line":97,"column":12},"end":{"line":97,"column":null}},"61":{"start":{"line":97,"column":6},"end":{"line":100,"column":null}},"62":{"start":{"line":100,"column":21},"end":{"line":100,"column":null}},"63":{"start":{"line":97,"column":6},"end":{"line":97,"column":null}},"64":{"start":{"line":104,"column":10},"end":{"line":104,"column":null}},"65":{"start":{"line":104,"column":6},"end":{"line":104,"column":null}},"66":{"start":{"line":106,"column":10},"end":{"line":106,"column":null}},"67":{"start":{"line":106,"column":6},"end":{"line":106,"column":null}},"68":{"start":{"line":96,"column":9},"end":{"line":103,"column":null}},"69":{"start":{"line":96,"column":38},"end":{"line":96,"column":null}},"70":{"start":{"line":96,"column":38},"end":{"line":103,"column":null}},"71":{"start":{"line":103,"column":42},"end":{"line":103,"column":null}},"72":{"start":{"line":90,"column":3},"end":{"line":90,"column":null}},"73":{"start":{"line":112,"column":6},"end":{"line":90,"column":null}},"74":{"start":{"line":112,"column":3},"end":{"line":117,"column":27}},"75":{"start":{"line":112,"column":6},"end":{"line":116,"column":22}},"76":{"start":{"line":116,"column":41},"end":{"line":116,"column":55}},"77":{"start":{"line":116,"column":26},"end":{"line":116,"column":27}},"78":{"start":{"line":116,"column":39},"end":{"line":116,"column":41}},"79":{"start":{"line":117,"column":8},"end":{"line":117,"column":27}},"80":{"start":{"line":117,"column":5},"end":{"line":117,"column":27}},"81":{"start":{"line":118,"column":6},"end":{"line":118,"column":null}},"82":{"start":{"line":118,"column":23},"end":{"line":118,"column":44}},"83":{"start":{"line":119,"column":12},"end":{"line":119,"column":null}},"84":{"start":{"line":117,"column":5},"end":{"line":117,"column":null}},"85":{"start":{"line":119,"column":6},"end":{"line":122,"column":null}},"86":{"start":{"line":119,"column":6},"end":{"line":123,"column":null}},"87":{"start":{"line":123,"column":22},"end":{"line":123,"column":null}},"88":{"start":{"line":112,"column":3},"end":{"line":112,"column":null}},"89":{"start":{"line":89,"column":2},"end":{"line":89,"column":null}},"90":{"start":{"line":132,"column":3},"end":{"line":138,"column":null}},"91":{"start":{"line":133,"column":16},"end":{"line":133,"column":null}},"92":{"start":{"line":134,"column":10},"end":{"line":134,"column":null}},"93":{"start":{"line":135,"column":10},"end":{"line":135,"column":null}},"94":{"start":{"line":131,"column":6},"end":{"line":131,"column":null}},"95":{"start":{"line":131,"column":23},"end":{"line":131,"column":null}},"96":{"start":{"line":92,"column":5},"end":{"line":92,"column":null}},"97":{"start":{"line":114,"column":41},"end":{"line":114,"column":null}},"98":{"start":{"line":84,"column":6},"end":{"line":84,"column":null}},"99":{"start":{"line":84,"column":12},"end":{"line":84,"column":null}}},"fnMap":{"0":{"name":"_page","decl":{"start":{"line":1,"column":0},"end":{"line":1,"column":null}},"loc":{"start":{"line":1,"column":0},"end":{"line":82,"column":null}},"line":1},"1":{"name":"(anonymous_1)","decl":{"start":{"line":14,"column":14},"end":{"line":14,"column":26}},"loc":{"start":{"line":14,"column":26},"end":{"line":14,"column":null}},"line":14},"2":{"name":"(anonymous_2)","decl":{"start":{"line":16,"column":29},"end":{"line":16,"column":null}},"loc":{"start":{"line":16,"column":29},"end":{"line":19,"column":2}},"line":16},"3":{"name":"(anonymous_3)","decl":{"start":{"line":25,"column":2},"end":{"line":25,"column":14}},"loc":{"start":{"line":25,"column":2},"end":{"line":25,"column":null}},"line":25},"4":{"name":"(anonymous_4)","decl":{"start":{"line":25,"column":48},"end":{"line":25,"column":51}},"loc":{"start":{"line":25,"column":54},"end":{"line":25,"column":null}},"line":25},"5":{"name":"(anonymous_5)","decl":{"start":{"line":29,"column":8},"end":{"line":29,"column":15}},"loc":{"start":{"line":29,"column":15},"end":{"line":33,"column":2}},"line":29},"6":{"name":"focusAt","decl":{"start":{"line":35,"column":10},"end":{"line":35,"column":17}},"loc":{"start":{"line":35,"column":29},"end":{"line":43,"column":null}},"line":35},"7":{"name":"focusNext","decl":{"start":{"line":45,"column":10},"end":{"line":45,"column":19}},"loc":{"start":{"line":45,"column":22},"end":{"line":47,"column":null}},"line":45},"8":{"name":"focusPrev","decl":{"start":{"line":49,"column":10},"end":{"line":49,"column":19}},"loc":{"start":{"line":49,"column":22},"end":{"line":51,"column":null}},"line":49},"9":{"name":"closeFocus","decl":{"start":{"line":53,"column":10},"end":{"line":53,"column":20}},"loc":{"start":{"line":53,"column":23},"end":{"line":55,"column":null}},"line":53},"10":{"name":"(anonymous_10)","decl":{"start":{"line":58,"column":8},"end":{"line":58,"column":15}},"loc":{"start":{"line":58,"column":15},"end":{"line":67,"column":2}},"line":58},"11":{"name":"onKey","decl":{"start":{"line":60,"column":11},"end":{"line":60,"column":16}},"loc":{"start":{"line":60,"column":35},"end":{"line":64,"column":null}},"line":60},"12":{"name":"(anonymous_12)","decl":{"start":{"line":66,"column":15},"end":{"line":66,"column":21}},"loc":{"start":{"line":66,"column":15},"end":{"line":66,"column":null}},"line":66},"13":{"name":"(anonymous_13)","decl":{"start":{"line":69,"column":8},"end":{"line":69,"column":21}},"loc":{"start":{"line":69,"column":21},"end":{"line":81,"column":2}},"line":69},"14":{"name":"(anonymous_14)","decl":{"start":{"line":93,"column":5},"end":{"line":93,"column":10}},"loc":{"start":{"line":93,"column":5},"end":{"line":93,"column":null}},"line":93},"15":{"name":"click","decl":{"start":{"line":97,"column":12},"end":{"line":97,"column":null}},"loc":{"start":{"line":97,"column":12},"end":{"line":100,"column":null}},"line":97},"16":{"name":"(anonymous_16)","decl":{"start":{"line":112,"column":3},"end":{"line":112,"column":6}},"loc":{"start":{"line":112,"column":3},"end":{"line":117,"column":27}},"line":112},"17":{"name":"(anonymous_17)","decl":{"start":{"line":112,"column":6},"end":{"line":112,"column":null}},"loc":{"start":{"line":112,"column":6},"end":{"line":116,"column":22}},"line":112},"18":{"name":"(anonymous_18)","decl":{"start":{"line":116,"column":17},"end":{"line":116,"column":22}},"loc":{"start":{"line":116,"column":41},"end":{"line":116,"column":55}},"line":116},"19":{"name":"(anonymous_19)","decl":{"start":{"line":116,"column":55},"end":{"line":116,"column":null}},"loc":{"start":{"line":116,"column":55},"end":{"line":117,"column":27}},"line":116},"20":{"name":"(anonymous_20)","decl":{"start":{"line":116,"column":26},"end":{"line":116,"column":27}},"loc":{"start":{"line":116,"column":26},"end":{"line":116,"column":27}},"line":116},"21":{"name":"(anonymous_21)","decl":{"start":{"line":116,"column":39},"end":{"line":116,"column":41}},"loc":{"start":{"line":116,"column":39},"end":{"line":116,"column":41}},"line":116},"22":{"name":"(anonymous_22)","decl":{"start":{"line":118,"column":6},"end":{"line":118,"column":21}},"loc":{"start":{"line":118,"column":6},"end":{"line":118,"column":null}},"line":118},"23":{"name":"click_1","decl":{"start":{"line":119,"column":12},"end":{"line":119,"column":null}},"loc":{"start":{"line":119,"column":12},"end":{"line":123,"column":null}},"line":119},"24":{"name":"(anonymous_24)","decl":{"start":{"line":132,"column":3},"end":{"line":132,"column":19}},"loc":{"start":{"line":132,"column":3},"end":{"line":138,"column":null}},"line":132},"25":{"name":"(anonymous_25)","decl":{"start":{"line":114,"column":41},"end":{"line":114,"column":45}},"loc":{"start":{"line":114,"column":41},"end":{"line":114,"column":null}},"line":114}},"branchMap":{"0":{"loc":{"start":{"line":18,"column":9},"end":{"line":18,"column":null}},"type":"cond-expr","locations":[{"start":{"line":18,"column":18},"end":{"line":18,"column":19}},{"start":{"line":18,"column":22},"end":{"line":18,"column":null}}],"line":18},"1":{"loc":{"start":{"line":25,"column":2},"end":{"line":25,"column":null}},"type":"cond-expr","locations":[{"start":{"line":25,"column":27},"end":{"line":25,"column":31}},{"start":{"line":25,"column":31},"end":{"line":25,"column":null}}],"line":25},"2":{"loc":{"start":{"line":30,"column":6},"end":{"line":32,"column":null}},"type":"if","locations":[{"start":{"line":30,"column":6},"end":{"line":32,"column":null}},{"start":{},"end":{}}],"line":30},"3":{"loc":{"start":{"line":30,"column":6},"end":{"line":30,"column":52}},"type":"binary-expr","locations":[{"start":{"line":30,"column":6},"end":{"line":30,"column":31}},{"start":{"line":30,"column":27},"end":{"line":30,"column":52}}],"line":30},"4":{"loc":{"start":{"line":37,"column":6},"end":{"line":40,"column":null}},"type":"if","locations":[{"start":{"line":37,"column":6},"end":{"line":40,"column":null}},{"start":{},"end":{}}],"line":37},"5":{"loc":{"start":{"line":46,"column":6},"end":{"line":46,"column":null}},"type":"if","locations":[{"start":{"line":46,"column":6},"end":{"line":46,"column":null}},{"start":{},"end":{}}],"line":46},"6":{"loc":{"start":{"line":50,"column":6},"end":{"line":50,"column":null}},"type":"if","locations":[{"start":{"line":50,"column":6},"end":{"line":50,"column":null}},{"start":{},"end":{}}],"line":50},"7":{"loc":{"start":{"line":59,"column":6},"end":{"line":59,"column":null}},"type":"if","locations":[{"start":{"line":59,"column":6},"end":{"line":59,"column":null}},{"start":{},"end":{}}],"line":59},"8":{"loc":{"start":{"line":61,"column":7},"end":{"line":63,"column":null}},"type":"if","locations":[{"start":{"line":61,"column":7},"end":{"line":63,"column":null}},{"start":{"line":61,"column":67},"end":{"line":63,"column":null}}],"line":61},"9":{"loc":{"start":{"line":61,"column":67},"end":{"line":63,"column":null}},"type":"if","locations":[{"start":{"line":61,"column":67},"end":{"line":63,"column":null}},{"start":{"line":62,"column":71},"end":{"line":63,"column":null}}],"line":61},"10":{"loc":{"start":{"line":62,"column":71},"end":{"line":63,"column":null}},"type":"if","locations":[{"start":{"line":62,"column":71},"end":{"line":63,"column":null}},{"start":{},"end":{}}],"line":62},"11":{"loc":{"start":{"line":71,"column":7},"end":{"line":74,"column":null}},"type":"if","locations":[{"start":{"line":71,"column":7},"end":{"line":74,"column":null}},{"start":{},"end":{}}],"line":71},"12":{"loc":{"start":{"line":76,"column":7},"end":{"line":79,"column":null}},"type":"if","locations":[{"start":{"line":76,"column":7},"end":{"line":79,"column":null}},{"start":{},"end":{}}],"line":76},"13":{"loc":{"start":{"line":96,"column":9},"end":{"line":103,"column":null}},"type":"if","locations":[{"start":{"line":96,"column":9},"end":{"line":103,"column":null}},{"start":{"line":96,"column":38},"end":{"line":103,"column":null}}],"line":96},"14":{"loc":{"start":{"line":96,"column":38},"end":{"line":103,"column":null}},"type":"if","locations":[{"start":{"line":96,"column":38},"end":{"line":103,"column":null}},{"start":{"line":103,"column":42},"end":{"line":103,"column":null}}],"line":96},"15":{"loc":{"start":{"line":131,"column":6},"end":{"line":131,"column":null}},"type":"if","locations":[{"start":{"line":131,"column":6},"end":{"line":131,"column":null}},{"start":{},"end":{}}],"line":131},"16":{"loc":{"start":{"line":112,"column":6},"end":{"line":112,"column":null}},"type":"binary-expr","locations":[{"start":{"line":112,"column":6},"end":{"line":112,"column":null}},{"start":{"line":112,"column":6},"end":{"line":112,"column":null}}],"line":112},"17":{"loc":{"start":{"line":84,"column":6},"end":{"line":84,"column":null}},"type":"if","locations":[{"start":{"line":84,"column":6},"end":{"line":84,"column":null}},{"start":{"line":84,"column":12},"end":{"line":84,"column":null}}],"line":84}},"s":{"0":4,"1":4,"2":4,"3":4,"4":4,"5":2,"6":4,"7":4,"8":4,"9":4,"10":2,"11":0,"12":4,"13":4,"14":0,"15":0,"16":0,"17":0,"18":0,"19":0,"20":0,"21":0,"22":0,"23":0,"24":0,"25":4,"26":4,"27":4,"28":0,"29":0,"30":0,"31":0,"32":0,"33":0,"34":0,"35":0,"36":0,"37":0,"38":0,"39":4,"40":4,"41":4,"42":1,"43":3,"44":3,"45":1,"46":2,"47":4,"48":4,"49":2,"50":2,"51":2,"52":2,"53":2,"54":2,"55":0,"56":0,"57":2,"58":2,"59":2,"60":2,"61":2,"62":0,"63":2,"64":0,"65":0,"66":2,"67":2,"68":4,"69":2,"70":2,"71":2,"72":2,"73":2,"74":2,"75":4,"76":6,"77":4,"78":4,"79":2,"80":2,"81":2,"82":0,"83":2,"84":2,"85":2,"86":2,"87":0,"88":3,"89":2,"90":0,"91":0,"92":0,"93":0,"94":2,"95":0,"96":3,"97":4,"98":6,"99":2},"f":{"0":4,"1":4,"2":6,"3":2,"4":0,"5":4,"6":0,"7":0,"8":0,"9":0,"10":4,"11":0,"12":0,"13":4,"14":2,"15":0,"16":2,"17":4,"18":6,"19":2,"20":4,"21":4,"22":2,"23":0,"24":0,"25":4},"b":{"0":[3,1],"1":[2,0],"2":[0,4],"3":[4,0],"4":[0,0],"5":[0,0],"6":[0,0],"7":[4,0],"8":[0,0],"9":[0,0],"10":[0,0],"11":[1,3],"12":[1,2],"13":[2,2],"14":[0,2],"15":[0,2],"16":[3,0],"17":[4,2]},"meta":{"lastBranch":18,"lastFunction":26,"lastStatement":100,"seen":{"f:1:0:1:Infinity":0,"s:9:11:9:Infinity":0,"s:10:12:10:Infinity":1,"s:14:14:14:Infinity":2,"f:14:14:14:26":1,"s:14:26:14:Infinity":3,"s:16:11:19:Infinity":4,"f:16:29:16:Infinity":2,"s:16:29:19:2":5,"s:17:9:17:26":6,"s:18:9:18:Infinity":7,"b:18:18:18:19:18:22:18:Infinity":0,"s:22:17:22:Infinity":8,"s:24:19:25:Infinity":9,"f:25:2:25:14":3,"s:25:2:25:Infinity":10,"b:25:27:25:31:25:31:25:Infinity":1,"f:25:48:25:51":4,"s:25:54:25:Infinity":11,"s:29:1:33:Infinity":12,"f:29:8:29:15":5,"b:30:6:32:Infinity:undefined:undefined:undefined:undefined":2,"s:30:6:32:Infinity":13,"b:30:6:30:31:30:27:30:52":3,"s:31:3:31:Infinity":14,"f:35:10:35:17":6,"s:36:9:36:26":15,"b:37:6:40:Infinity:undefined:undefined:undefined:undefined":4,"s:37:6:40:Infinity":16,"s:38:3:38:Infinity":17,"s:41:15:41:35":18,"s:42:2:42:Infinity":19,"f:45:10:45:19":7,"b:46:6:46:Infinity:undefined:undefined:undefined:undefined":5,"s:46:6:46:Infinity":20,"s:46:25:46:Infinity":21,"f:49:10:49:19":8,"b:50:6:50:Infinity:undefined:undefined:undefined:undefined":6,"s:50:6:50:Infinity":22,"s:50:25:50:Infinity":23,"f:53:10:53:20":9,"s:54:2:54:Infinity":24,"s:58:1:67:Infinity":25,"f:58:8:58:15":10,"b:59:6:59:Infinity:undefined:undefined:undefined:undefined":7,"s:59:6:59:Infinity":26,"s:59:27:59:Infinity":27,"f:60:11:60:16":11,"b:61:7:63:Infinity:61:67:63:Infinity":8,"s:61:7:63:Infinity":28,"s:61:33:61:53":29,"s:61:53:61:66":30,"b:61:67:63:Infinity:62:71:63:Infinity":9,"s:61:67:63:Infinity":31,"s:62:37:62:57":32,"s:62:57:62:70":33,"b:62:71:63:Infinity:undefined:undefined:undefined:undefined":10,"s:62:71:63:Infinity":34,"s:63:34:63:54":35,"s:63:54:63:68":36,"s:65:2:65:Infinity":37,"s:66:15:66:Infinity":38,"f:66:15:66:21":12,"s:69:1:81:Infinity":39,"f:69:8:69:21":13,"s:70:12:70:Infinity":40,"b:71:7:74:Infinity:undefined:undefined:undefined:undefined":11,"s:71:7:74:Infinity":41,"s:72:3:72:Infinity":42,"s:75:12:75:Infinity":43,"b:76:7:79:Infinity:undefined:undefined:undefined:undefined":12,"s:76:7:79:Infinity":44,"s:77:3:77:Infinity":45,"s:80:2:80:Infinity":46,"s:85:5:85:Infinity":47,"s:85:2:85:Infinity":48,"s:89:5:89:Infinity":49,"s:90:9:89:Infinity":50,"s:91:7:90:Infinity":51,"s:92:8:91:Infinity":52,"s:92:5:92:14":53,"f:93:5:93:10":14,"s:93:5:93:Infinity":54,"s:93:20:93:47":55,"s:93:47:93:Infinity":56,"s:91:4:91:Infinity":57,"s:95:7:91:Infinity":58,"s:95:4:95:Infinity":59,"s:97:12:97:Infinity":60,"s:97:6:100:Infinity":61,"f:97:12:97:Infinity":15,"s:100:21:100:Infinity":62,"s:97:6:97:Infinity":63,"s:104:10:104:Infinity":64,"s:104:6:104:Infinity":65,"s:106:10:106:Infinity":66,"s:106:6:106:Infinity":67,"b:96:9:103:Infinity:96:38:103:Infinity":13,"s:96:9:103:Infinity":68,"s:96:38:96:Infinity":69,"b:96:38:103:Infinity:103:42:103:Infinity":14,"s:96:38:103:Infinity":70,"s:103:42:103:Infinity":71,"s:90:3:90:Infinity":72,"s:112:6:90:Infinity":73,"f:112:3:112:6":16,"s:112:3:117:27":74,"f:112:6:112:Infinity":17,"s:112:6:116:22":75,"f:116:17:116:22":18,"s:116:41:116:55":76,"f:116:55:116:Infinity":19,"s:116:26:116:27":77,"f:116:26:116:27":20,"s:116:39:116:41":78,"f:116:39:116:41":21,"s:117:8:117:27":79,"s:117:5:117:27":80,"f:118:6:118:21":22,"s:118:6:118:Infinity":81,"s:118:23:118:44":82,"s:119:12:119:Infinity":83,"s:117:5:117:Infinity":84,"s:119:6:122:Infinity":85,"s:119:6:123:Infinity":86,"f:119:12:119:Infinity":23,"s:123:22:123:Infinity":87,"s:112:3:112:Infinity":88,"s:89:2:89:Infinity":89,"f:132:3:132:19":24,"s:132:3:138:Infinity":90,"s:133:16:133:Infinity":91,"s:134:10:134:Infinity":92,"s:135:10:135:Infinity":93,"b:131:6:131:Infinity:undefined:undefined:undefined:undefined":15,"s:131:6:131:Infinity":94,"s:131:23:131:Infinity":95,"s:92:5:92:Infinity":96,"b:112:6:112:Infinity:112:6:112:Infinity":16,"f:114:41:114:45":25,"s:114:41:114:Infinity":97,"b:84:6:84:Infinity:84:12:84:Infinity":17,"s:84:6:84:Infinity":98,"s:84:12:84:Infinity":99},"fnNames":{}}}
}
